main.py start!! ../ckpt_file/layer10.res_abs_maxp_bilinear.ckpt /gpu:0 SHORT_CUT 1 ABS_PATH 1 lenPATCH 64
Image Loading Done !!
========= BICUBIC MSE : 0.00227523048358, PSNR : 27.5445308928 ==================
STAGE : Batch Init Finish!
STAGE : Network Init Finish!
STAGE : Session Init Finish!
train loop start!!
step : 1, epoch : 0, mse : 0.001508, psnr : 31.0074, time : 0.0159
step : 100, epoch : 0, mse : 0.002216, psnr : 30.3655, time : 4.0255
step : 200, epoch : 0, mse : 0.002076, psnr : 31.1061, time : 4.0454
epoch : 1, iter : 216, test mse : 0.001943, test_psnr : 28.3138
step : 300, epoch : 1, mse : 0.001974, psnr : 31.1734, time : 5.4473
step : 400, epoch : 1, mse : 0.001909, psnr : 31.2893, time : 4.0375
epoch : 2, iter : 433, test mse : 0.001817, test_psnr : 28.6556
step : 500, epoch : 2, mse : 0.001853, psnr : 31.5159, time : 5.4215
step : 600, epoch : 2, mse : 0.001920, psnr : 31.2793, time : 4.0449
epoch : 3, iter : 650, test mse : 0.001734, test_psnr : 28.9019
step : 700, epoch : 3, mse : 0.001807, psnr : 31.5860, time : 5.4288
step : 800, epoch : 3, mse : 0.001847, psnr : 31.5454, time : 4.0448
epoch : 4, iter : 867, test mse : 0.001795, test_psnr : 28.7311
Save ckpt file ../ckpt_file/layer10.res_abs_maxp_bilinear.ckpt
step : 900, epoch : 4, mse : 0.001827, psnr : 31.4923, time : 5.4496
step : 1000, epoch : 4, mse : 0.001808, psnr : 31.6864, time : 4.0445
epoch : 5, iter : 1084, test mse : 0.001732, test_psnr : 28.8828
step : 1100, epoch : 5, mse : 0.001810, psnr : 31.6535, time : 5.4103
step : 1200, epoch : 5, mse : 0.001826, psnr : 31.5968, time : 4.0525
step : 1300, epoch : 5, mse : 0.001778, psnr : 31.6981, time : 4.0437
epoch : 6, iter : 1301, test mse : 0.001714, test_psnr : 28.9563
step : 1400, epoch : 6, mse : 0.001817, psnr : 31.6435, time : 5.4252
step : 1500, epoch : 6, mse : 0.001763, psnr : 31.7508, time : 4.0447
epoch : 7, iter : 1518, test mse : 0.001671, test_psnr : 29.1300
step : 1600, epoch : 7, mse : 0.001779, psnr : 31.8457, time : 5.4301
step : 1700, epoch : 7, mse : 0.001788, psnr : 31.6094, time : 4.0452
epoch : 8, iter : 1735, test mse : 0.001739, test_psnr : 28.8990
Save ckpt file ../ckpt_file/layer10.res_abs_maxp_bilinear.ckpt
step : 1800, epoch : 8, mse : 0.001814, psnr : 31.6475, time : 5.4563
step : 1900, epoch : 8, mse : 0.001756, psnr : 31.8399, time : 4.0458
epoch : 9, iter : 1952, test mse : 0.001670, test_psnr : 29.1136
step : 2000, epoch : 9, mse : 0.001805, psnr : 31.6186, time : 5.4250
step : 2100, epoch : 9, mse : 0.001772, psnr : 31.7945, time : 4.0446
epoch : 10, iter : 2169, test mse : 0.001688, test_psnr : 29.0582
step : 2200, epoch : 10, mse : 0.001755, psnr : 31.7614, time : 5.4290
step : 2300, epoch : 10, mse : 0.001738, psnr : 31.8273, time : 4.0448
epoch : 11, iter : 2386, test mse : 0.001667, test_psnr : 29.1534
step : 2400, epoch : 11, mse : 0.001794, psnr : 31.8246, time : 5.4306
step : 2500, epoch : 11, mse : 0.001762, psnr : 31.8609, time : 4.0449
step : 2600, epoch : 11, mse : 0.001768, psnr : 31.7068, time : 4.0442
epoch : 12, iter : 2603, test mse : 0.001653, test_psnr : 29.1436
Save ckpt file ../ckpt_file/layer10.res_abs_maxp_bilinear.ckpt
step : 2700, epoch : 12, mse : 0.001745, psnr : 31.8682, time : 5.4579
step : 2800, epoch : 12, mse : 0.001746, psnr : 31.8208, time : 4.0446
epoch : 13, iter : 2820, test mse : 0.001668, test_psnr : 29.1441
step : 2900, epoch : 13, mse : 0.001783, psnr : 31.7470, time : 5.4245
step : 3000, epoch : 13, mse : 0.001736, psnr : 31.8180, time : 4.0445
epoch : 14, iter : 3037, test mse : 0.001678, test_psnr : 29.1075
step : 3100, epoch : 14, mse : 0.001772, psnr : 31.7825, time : 5.4282
step : 3200, epoch : 14, mse : 0.001793, psnr : 31.7989, time : 4.0454
epoch : 15, iter : 3254, test mse : 0.001627, test_psnr : 29.2697
step : 3300, epoch : 15, mse : 0.001745, psnr : 31.9357, time : 5.4323
step : 3400, epoch : 15, mse : 0.001738, psnr : 31.8474, time : 4.0453
epoch : 16, iter : 3471, test mse : 0.001653, test_psnr : 29.1877
Save ckpt file ../ckpt_file/layer10.res_abs_maxp_bilinear.ckpt
step : 3500, epoch : 16, mse : 0.001757, psnr : 31.7980, time : 5.4487
step : 3600, epoch : 16, mse : 0.001729, psnr : 31.8749, time : 4.0452
epoch : 17, iter : 3688, test mse : 0.001627, test_psnr : 29.2648
step : 3700, epoch : 17, mse : 0.001768, psnr : 31.8976, time : 5.4274
step : 3800, epoch : 17, mse : 0.001743, psnr : 31.9005, time : 4.0455
step : 3900, epoch : 17, mse : 0.001740, psnr : 31.8452, time : 4.0450
epoch : 18, iter : 3905, test mse : 0.001647, test_psnr : 29.1533
step : 4000, epoch : 18, mse : 0.001730, psnr : 31.8054, time : 5.4292
step : 4100, epoch : 18, mse : 0.001768, psnr : 31.9168, time : 4.0452
epoch : 19, iter : 4122, test mse : 0.001657, test_psnr : 29.1622
step : 4200, epoch : 19, mse : 0.001773, psnr : 31.7576, time : 5.4225
step : 4300, epoch : 19, mse : 0.001740, psnr : 31.8965, time : 4.0683
epoch : 20, iter : 4339, test mse : 0.001656, test_psnr : 29.1492
Save ckpt file ../ckpt_file/layer10.res_abs_maxp_bilinear.ckpt
step : 4400, epoch : 20, mse : 0.001703, psnr : 31.9970, time : 5.5348
step : 4500, epoch : 20, mse : 0.001748, psnr : 31.8514, time : 4.0904
epoch : 21, iter : 4556, test mse : 0.001618, test_psnr : 29.3131
step : 4600, epoch : 21, mse : 0.001753, psnr : 31.8991, time : 5.4474
step : 4700, epoch : 21, mse : 0.001724, psnr : 31.9445, time : 4.0709
epoch : 22, iter : 4773, test mse : 0.001621, test_psnr : 29.3011
step : 4800, epoch : 22, mse : 0.001757, psnr : 31.8713, time : 5.4547
step : 4900, epoch : 22, mse : 0.001756, psnr : 31.9422, time : 4.0753
epoch : 23, iter : 4990, test mse : 0.001610, test_psnr : 29.3098
step : 5000, epoch : 23, mse : 0.001730, psnr : 31.7899, time : 5.4484
step : 5100, epoch : 23, mse : 0.001717, psnr : 31.8494, time : 4.0655
step : 5200, epoch : 23, mse : 0.001743, psnr : 31.9972, time : 4.0739
epoch : 24, iter : 5207, test mse : 0.001612, test_psnr : 29.3309
Save ckpt file ../ckpt_file/layer10.res_abs_maxp_bilinear.ckpt
step : 5300, epoch : 24, mse : 0.001746, psnr : 31.8934, time : 5.4989
