main.py start!! ../ckpt_file/layer10.res_abs_maxp.ckpt /gpu:0 SHORT_CUT 1 ABS_PATH 0 lenPATCH 64
Image Loading Done !!
========= BICUBIC MSE : 0.00227523048358, PSNR : 27.5445308928 ==================
STAGE : Batch Init Finish!
STAGE : Network Init Finish!
STAGE : Session Init Finish!
train loop start!!
step : 1, epoch : 0, mse : 0.001515, psnr : 30.9940, time : 0.0101
step : 100, epoch : 0, mse : 0.002189, psnr : 30.4493, time : 2.0066
step : 200, epoch : 0, mse : 0.002039, psnr : 31.2038, time : 2.0185
epoch : 1, iter : 216, test mse : 0.001879, test_psnr : 28.4267
step : 300, epoch : 1, mse : 0.001927, psnr : 31.3454, time : 2.0799
step : 400, epoch : 1, mse : 0.001904, psnr : 31.3984, time : 2.0198
epoch : 2, iter : 433, test mse : 0.001771, test_psnr : 28.7714
step : 500, epoch : 2, mse : 0.001868, psnr : 31.4754, time : 2.0784
step : 600, epoch : 2, mse : 0.001879, psnr : 31.4331, time : 2.0197
epoch : 3, iter : 650, test mse : 0.001702, test_psnr : 29.0169
step : 700, epoch : 3, mse : 0.001822, psnr : 31.6181, time : 2.0790
step : 800, epoch : 3, mse : 0.001829, psnr : 31.6049, time : 2.0195
epoch : 4, iter : 867, test mse : 0.001705, test_psnr : 29.0149
Save ckpt file ../ckpt_file/layer10.res_abs_maxp.ckpt
step : 900, epoch : 4, mse : 0.001800, psnr : 31.7282, time : 2.1046
step : 1000, epoch : 4, mse : 0.001809, psnr : 31.7298, time : 2.0167
epoch : 5, iter : 1084, test mse : 0.001705, test_psnr : 29.0117
step : 1100, epoch : 5, mse : 0.001872, psnr : 31.5699, time : 2.0785
step : 1200, epoch : 5, mse : 0.001781, psnr : 31.6941, time : 2.0299
step : 1300, epoch : 5, mse : 0.001804, psnr : 31.7324, time : 2.0223
epoch : 6, iter : 1301, test mse : 0.001678, test_psnr : 29.0964
step : 1400, epoch : 6, mse : 0.001811, psnr : 31.7862, time : 2.0807
step : 1500, epoch : 6, mse : 0.001793, psnr : 31.7332, time : 2.0162
epoch : 7, iter : 1518, test mse : 0.001673, test_psnr : 29.1017
step : 1600, epoch : 7, mse : 0.001827, psnr : 31.6728, time : 2.0783
step : 1700, epoch : 7, mse : 0.001807, psnr : 31.6417, time : 2.0296
epoch : 8, iter : 1735, test mse : 0.001674, test_psnr : 29.1170
Save ckpt file ../ckpt_file/layer10.res_abs_maxp.ckpt
step : 1800, epoch : 8, mse : 0.001726, psnr : 31.9524, time : 2.0983
step : 1900, epoch : 8, mse : 0.001782, psnr : 31.6795, time : 2.0226
epoch : 9, iter : 1952, test mse : 0.001651, test_psnr : 29.2125
step : 2000, epoch : 9, mse : 0.001794, psnr : 31.9313, time : 2.0784
step : 2100, epoch : 9, mse : 0.001783, psnr : 31.8074, time : 2.0194
epoch : 10, iter : 2169, test mse : 0.001642, test_psnr : 29.2386
step : 2200, epoch : 10, mse : 0.001763, psnr : 31.7951, time : 2.0949
step : 2300, epoch : 10, mse : 0.001784, psnr : 31.7684, time : 2.0282
epoch : 11, iter : 2386, test mse : 0.001644, test_psnr : 29.2052
step : 2400, epoch : 11, mse : 0.001794, psnr : 31.7368, time : 2.0796
step : 2500, epoch : 11, mse : 0.001785, psnr : 31.7830, time : 2.0220
step : 2600, epoch : 11, mse : 0.001749, psnr : 31.9569, time : 2.0250
epoch : 12, iter : 2603, test mse : 0.001648, test_psnr : 29.2006
Save ckpt file ../ckpt_file/layer10.res_abs_maxp.ckpt
