main.py start!!
Image Loading Done !!
========= BICUBIC MSE : 0.00227523048358, PSNR : 27.5445308928 ==================
STAGE : Batch Init Finish!
STAGE : Network Init Finish!
STAGE : Session Init Finish!
train loop start!!
step : 1, epoch : 0, mse : 0.001910, psnr : 29.1135, time : 0.0165
step : 100, epoch : 0, mse : 0.001870, psnr : 30.8478, time : 3.9148
step : 200, epoch : 0, mse : 0.002024, psnr : 31.1638, time : 3.9597
step : 300, epoch : 0, mse : 0.001957, psnr : 31.3265, time : 3.9562
epoch : 1, iter : 373, test mse : 0.001722, test_psnr : 28.9591
step : 400, epoch : 1, mse : 0.001905, psnr : 31.4790, time : 4.0734
step : 500, epoch : 1, mse : 0.001881, psnr : 31.3699, time : 3.9501
step : 600, epoch : 1, mse : 0.001804, psnr : 31.7161, time : 3.9499
step : 700, epoch : 1, mse : 0.001798, psnr : 31.6886, time : 3.9495
epoch : 2, iter : 746, test mse : 0.001684, test_psnr : 29.0227
step : 800, epoch : 2, mse : 0.001758, psnr : 31.7811, time : 4.0698
step : 900, epoch : 2, mse : 0.001819, psnr : 31.6503, time : 3.9497
step : 1000, epoch : 2, mse : 0.001817, psnr : 31.7244, time : 3.9501
step : 1100, epoch : 2, mse : 0.001806, psnr : 31.6859, time : 3.9495
epoch : 3, iter : 1119, test mse : 0.001645, test_psnr : 29.2227
step : 1200, epoch : 3, mse : 0.001765, psnr : 31.8586, time : 4.0708
step : 1300, epoch : 3, mse : 0.001852, psnr : 31.6642, time : 3.9497
step : 1400, epoch : 3, mse : 0.001766, psnr : 31.7533, time : 3.9499
epoch : 4, iter : 1492, test mse : 0.001667, test_psnr : 29.1618
step : 1500, epoch : 4, mse : 0.001735, psnr : 31.8101, time : 4.0794
step : 1600, epoch : 4, mse : 0.001764, psnr : 31.8271, time : 3.9653
step : 1700, epoch : 4, mse : 0.001750, psnr : 31.8658, time : 3.9485
step : 1800, epoch : 4, mse : 0.001778, psnr : 31.8127, time : 3.9486
epoch : 5, iter : 1865, test mse : 0.001638, test_psnr : 29.2941
step : 1900, epoch : 5, mse : 0.001767, psnr : 31.8472, time : 4.0700
step : 2000, epoch : 5, mse : 0.001753, psnr : 31.7964, time : 3.9485
step : 2100, epoch : 5, mse : 0.001758, psnr : 31.8196, time : 3.9488
step : 2200, epoch : 5, mse : 0.001749, psnr : 31.9956, time : 3.9490
epoch : 6, iter : 2238, test mse : 0.001625, test_psnr : 29.3095
step : 2300, epoch : 6, mse : 0.001773, psnr : 31.8089, time : 4.0699
step : 2400, epoch : 6, mse : 0.001776, psnr : 31.8394, time : 3.9489
step : 2500, epoch : 6, mse : 0.001698, psnr : 32.0257, time : 3.9488
step : 2600, epoch : 6, mse : 0.001763, psnr : 31.8595, time : 3.9492
epoch : 7, iter : 2611, test mse : 0.001605, test_psnr : 29.3531
step : 2700, epoch : 7, mse : 0.001725, psnr : 31.9841, time : 4.0694
step : 2800, epoch : 7, mse : 0.001769, psnr : 31.8478, time : 3.9490
step : 2900, epoch : 7, mse : 0.001739, psnr : 31.8194, time : 3.9492
epoch : 8, iter : 2984, test mse : 0.001595, test_psnr : 29.4058
step : 3000, epoch : 8, mse : 0.001728, psnr : 32.0337, time : 4.0693
step : 3100, epoch : 8, mse : 0.001727, psnr : 31.9935, time : 3.9491
step : 3200, epoch : 8, mse : 0.001751, psnr : 31.8834, time : 3.9487
step : 3300, epoch : 8, mse : 0.001770, psnr : 31.7773, time : 3.9487
epoch : 9, iter : 3357, test mse : 0.001580, test_psnr : 29.4527
step : 3400, epoch : 9, mse : 0.001717, psnr : 31.9738, time : 4.0702
step : 3500, epoch : 9, mse : 0.001716, psnr : 32.0696, time : 3.9492
step : 3600, epoch : 9, mse : 0.001738, psnr : 31.9677, time : 3.9487
step : 3700, epoch : 9, mse : 0.001726, psnr : 31.8736, time : 3.9488
epoch : 10, iter : 3730, test mse : 0.001559, test_psnr : 29.5628
step : 3800, epoch : 10, mse : 0.001727, psnr : 32.0388, time : 4.0698
step : 3900, epoch : 10, mse : 0.001755, psnr : 31.9020, time : 3.9486
step : 4000, epoch : 10, mse : 0.001695, psnr : 31.9848, time : 3.9486
step : 4100, epoch : 10, mse : 0.001748, psnr : 31.9097, time : 3.9488
epoch : 11, iter : 4103, test mse : 0.001595, test_psnr : 29.4401
step : 4200, epoch : 11, mse : 0.001740, psnr : 31.9184, time : 4.0688
step : 4300, epoch : 11, mse : 0.001714, psnr : 32.0353, time : 3.9485
step : 4400, epoch : 11, mse : 0.001706, psnr : 32.0363, time : 3.9482
epoch : 12, iter : 4476, test mse : 0.001573, test_psnr : 29.5017
step : 4500, epoch : 12, mse : 0.001716, psnr : 32.0171, time : 4.0624
step : 4600, epoch : 12, mse : 0.001727, psnr : 31.9569, time : 3.9384
step : 4700, epoch : 12, mse : 0.001699, psnr : 32.0662, time : 3.9383
step : 4800, epoch : 12, mse : 0.001714, psnr : 32.0283, time : 3.9388
epoch : 13, iter : 4849, test mse : 0.001573, test_psnr : 29.4910
step : 4900, epoch : 13, mse : 0.001751, psnr : 31.9531, time : 4.0580
step : 5000, epoch : 13, mse : 0.001697, psnr : 31.9839, time : 3.9382
step : 5100, epoch : 13, mse : 0.001672, psnr : 32.1456, time : 3.9386
step : 5200, epoch : 13, mse : 0.001771, psnr : 31.9648, time : 3.9392
epoch : 14, iter : 5222, test mse : 0.001572, test_psnr : 29.4984
step : 5300, epoch : 14, mse : 0.001713, psnr : 31.9472, time : 4.0584
step : 5400, epoch : 14, mse : 0.001745, psnr : 32.0202, time : 3.9389
step : 5500, epoch : 14, mse : 0.001694, psnr : 32.0109, time : 3.9385
epoch : 15, iter : 5595, test mse : 0.001572, test_psnr : 29.5279
step : 5600, epoch : 15, mse : 0.001718, psnr : 32.0292, time : 4.0590
step : 5700, epoch : 15, mse : 0.001709, psnr : 32.0864, time : 3.9389
step : 5800, epoch : 15, mse : 0.001694, psnr : 32.0319, time : 3.9392
step : 5900, epoch : 15, mse : 0.001745, psnr : 31.9675, time : 3.9384
epoch : 16, iter : 5968, test mse : 0.001555, test_psnr : 29.5694
step : 6000, epoch : 16, mse : 0.001683, psnr : 32.0479, time : 4.0583
step : 6100, epoch : 16, mse : 0.001744, psnr : 31.8975, time : 3.9386
step : 6200, epoch : 16, mse : 0.001720, psnr : 32.0070, time : 3.9378
step : 6300, epoch : 16, mse : 0.001652, psnr : 32.1549, time : 3.9391
epoch : 17, iter : 6341, test mse : 0.001558, test_psnr : 29.5313
step : 6400, epoch : 17, mse : 0.001752, psnr : 31.8934, time : 4.0587
step : 6500, epoch : 17, mse : 0.001677, psnr : 32.0159, time : 3.9387
step : 6600, epoch : 17, mse : 0.001752, psnr : 31.9976, time : 3.9385
step : 6700, epoch : 17, mse : 0.001693, psnr : 32.1552, time : 3.9386
epoch : 18, iter : 6714, test mse : 0.001549, test_psnr : 29.5734
step : 6800, epoch : 18, mse : 0.001740, psnr : 32.0205, time : 4.0587
step : 6900, epoch : 18, mse : 0.001694, psnr : 32.0004, time : 3.9387
step : 7000, epoch : 18, mse : 0.001692, psnr : 32.0743, time : 3.9385
epoch : 19, iter : 7087, test mse : 0.001548, test_psnr : 29.5682
step : 7100, epoch : 19, mse : 0.001706, psnr : 32.0820, time : 4.0591
step : 7200, epoch : 19, mse : 0.001683, psnr : 32.2280, time : 3.9391
step : 7300, epoch : 19, mse : 0.001699, psnr : 32.0916, time : 3.9387
step : 7400, epoch : 19, mse : 0.001730, psnr : 31.9383, time : 3.9393
epoch : 20, iter : 7460, test mse : 0.001560, test_psnr : 29.5484
step : 7500, epoch : 20, mse : 0.001712, psnr : 31.9047, time : 4.0597
step : 7600, epoch : 20, mse : 0.001723, psnr : 32.0366, time : 3.9389
step : 7700, epoch : 20, mse : 0.001705, psnr : 32.0502, time : 3.9390
step : 7800, epoch : 20, mse : 0.001703, psnr : 32.0072, time : 3.9391
epoch : 21, iter : 7833, test mse : 0.001559, test_psnr : 29.5471
step : 7900, epoch : 21, mse : 0.001724, psnr : 31.9679, time : 4.0591
step : 8000, epoch : 21, mse : 0.001695, psnr : 32.0532, time : 3.9521
step : 8100, epoch : 21, mse : 0.001705, psnr : 32.1042, time : 3.9508
step : 8200, epoch : 21, mse : 0.001710, psnr : 31.9722, time : 3.9594
epoch : 22, iter : 8206, test mse : 0.001543, test_psnr : 29.5788
step : 8300, epoch : 22, mse : 0.001709, psnr : 32.0700, time : 4.0814
step : 8400, epoch : 22, mse : 0.001747, psnr : 31.9218, time : 3.9605
step : 8500, epoch : 22, mse : 0.001681, psnr : 32.0390, time : 3.9603
epoch : 23, iter : 8579, test mse : 0.001583, test_psnr : 29.4551
step : 8600, epoch : 23, mse : 0.001698, psnr : 32.0542, time : 4.0806
step : 8700, epoch : 23, mse : 0.001698, psnr : 32.1107, time : 3.9601
step : 8800, epoch : 23, mse : 0.001736, psnr : 32.0149, time : 3.9600
step : 8900, epoch : 23, mse : 0.001675, psnr : 32.0928, time : 3.9601
epoch : 24, iter : 8952, test mse : 0.001570, test_psnr : 29.5070
step : 9000, epoch : 24, mse : 0.001740, psnr : 31.9478, time : 4.0813
step : 9100, epoch : 24, mse : 0.001689, psnr : 32.2444, time : 3.9599
step : 9200, epoch : 24, mse : 0.001710, psnr : 31.9124, time : 3.9599
step : 9300, epoch : 24, mse : 0.001725, psnr : 31.8574, time : 3.9600
epoch : 25, iter : 9325, test mse : 0.001561, test_psnr : 29.5202
step : 9400, epoch : 25, mse : 0.001709, psnr : 31.9352, time : 4.0807
step : 9500, epoch : 25, mse : 0.001660, psnr : 32.1869, time : 3.9605
step : 9600, epoch : 25, mse : 0.001715, psnr : 32.0746, time : 3.9601
epoch : 26, iter : 9698, test mse : 0.001573, test_psnr : 29.4639
step : 9700, epoch : 26, mse : 0.001733, psnr : 31.9177, time : 4.0806
step : 9800, epoch : 26, mse : 0.001735, psnr : 31.9197, time : 3.9602
step : 9900, epoch : 26, mse : 0.001707, psnr : 32.0562, time : 3.9602
step : 10000, epoch : 26, mse : 0.001705, psnr : 32.0072, time : 3.9594
########## ITER2 start ########## 
epoch : 27, iter : 10071, test mse : 0.001547, test_psnr : 29.5666
step : 10100, epoch : 27, mse : 0.001666, psnr : 32.1727, time : 4.1906
step : 10200, epoch : 27, mse : 0.001617, psnr : 32.2910, time : 3.9648
step : 10300, epoch : 27, mse : 0.001704, psnr : 31.9875, time : 3.9651
step : 10400, epoch : 27, mse : 0.001760, psnr : 31.8801, time : 3.9653
epoch : 28, iter : 10444, test mse : 0.001544, test_psnr : 29.5851
step : 10500, epoch : 28, mse : 0.001722, psnr : 32.0655, time : 4.0861
step : 10600, epoch : 28, mse : 0.001703, psnr : 31.9684, time : 3.9643
step : 10700, epoch : 28, mse : 0.001672, psnr : 32.1744, time : 3.9645
step : 10800, epoch : 28, mse : 0.001676, psnr : 32.1248, time : 3.9649
epoch : 29, iter : 10817, test mse : 0.001546, test_psnr : 29.5805
step : 10900, epoch : 29, mse : 0.001711, psnr : 32.1246, time : 4.0863
step : 11000, epoch : 29, mse : 0.001723, psnr : 31.9267, time : 3.9645
step : 11100, epoch : 29, mse : 0.001676, psnr : 32.1279, time : 3.9644
epoch : 30, iter : 11190, test mse : 0.001549, test_psnr : 29.5625
step : 11200, epoch : 30, mse : 0.001685, psnr : 32.0786, time : 4.0855
step : 11300, epoch : 30, mse : 0.001693, psnr : 32.0480, time : 3.9646
step : 11400, epoch : 30, mse : 0.001697, psnr : 32.1245, time : 3.9650
step : 11500, epoch : 30, mse : 0.001700, psnr : 32.0308, time : 3.9650
epoch : 31, iter : 11563, test mse : 0.001548, test_psnr : 29.5673
step : 11600, epoch : 31, mse : 0.001670, psnr : 32.0866, time : 4.0854
step : 11700, epoch : 31, mse : 0.001672, psnr : 32.1200, time : 3.9648
step : 11800, epoch : 31, mse : 0.001696, psnr : 32.1130, time : 3.9646
step : 11900, epoch : 31, mse : 0.001694, psnr : 32.1610, time : 3.9641
epoch : 32, iter : 11936, test mse : 0.001546, test_psnr : 29.5694
step : 12000, epoch : 32, mse : 0.001723, psnr : 31.8972, time : 4.0854
step : 12100, epoch : 32, mse : 0.001715, psnr : 32.0074, time : 3.9643
step : 12200, epoch : 32, mse : 0.001663, psnr : 32.1788, time : 3.9649
step : 12300, epoch : 32, mse : 0.001696, psnr : 32.0632, time : 3.9648
epoch : 33, iter : 12309, test mse : 0.001546, test_psnr : 29.5715
step : 12400, epoch : 33, mse : 0.001678, psnr : 32.1257, time : 4.0853
step : 12500, epoch : 33, mse : 0.001677, psnr : 32.1163, time : 3.9649
step : 12600, epoch : 33, mse : 0.001745, psnr : 31.9631, time : 3.9647
epoch : 34, iter : 12682, test mse : 0.001551, test_psnr : 29.5578
step : 12700, epoch : 34, mse : 0.001677, psnr : 32.0393, time : 4.0858
step : 12800, epoch : 34, mse : 0.001669, psnr : 32.1156, time : 3.9650
step : 12900, epoch : 34, mse : 0.001716, psnr : 32.1602, time : 3.9649
step : 13000, epoch : 34, mse : 0.001680, psnr : 32.0082, time : 3.9657
epoch : 35, iter : 13055, test mse : 0.001549, test_psnr : 29.5680
step : 13100, epoch : 35, mse : 0.001668, psnr : 32.1894, time : 4.0855
step : 13200, epoch : 35, mse : 0.001719, psnr : 31.9613, time : 3.9645
step : 13300, epoch : 35, mse : 0.001713, psnr : 32.0073, time : 3.9651
step : 13400, epoch : 35, mse : 0.001670, psnr : 32.1737, time : 3.9652
epoch : 36, iter : 13428, test mse : 0.001550, test_psnr : 29.5606
step : 13500, epoch : 36, mse : 0.001654, psnr : 32.0762, time : 4.0861
step : 13600, epoch : 36, mse : 0.001688, psnr : 32.0958, time : 3.9648
step : 13700, epoch : 36, mse : 0.001704, psnr : 32.0680, time : 3.9651
step : 13800, epoch : 36, mse : 0.001734, psnr : 31.9831, time : 3.9651
epoch : 37, iter : 13801, test mse : 0.001548, test_psnr : 29.5687
step : 13900, epoch : 37, mse : 0.001681, psnr : 32.1744, time : 4.0852
step : 14000, epoch : 37, mse : 0.001673, psnr : 32.0852, time : 3.9644
step : 14100, epoch : 37, mse : 0.001726, psnr : 31.9162, time : 3.9648
epoch : 38, iter : 14174, test mse : 0.001552, test_psnr : 29.5541
step : 14200, epoch : 38, mse : 0.001669, psnr : 32.1558, time : 4.0967
step : 14300, epoch : 38, mse : 0.001714, psnr : 31.9950, time : 3.9758
step : 14400, epoch : 38, mse : 0.001719, psnr : 32.0623, time : 3.9712
step : 14500, epoch : 38, mse : 0.001688, psnr : 32.0744, time : 3.9586
epoch : 39, iter : 14547, test mse : 0.001558, test_psnr : 29.5326
step : 14600, epoch : 39, mse : 0.001653, psnr : 32.2146, time : 4.0679
step : 14700, epoch : 39, mse : 0.001674, psnr : 32.0557, time : 3.9471
step : 14800, epoch : 39, mse : 0.001733, psnr : 32.0158, time : 3.9472
step : 14900, epoch : 39, mse : 0.001703, psnr : 31.9995, time : 3.9680
epoch : 40, iter : 14920, test mse : 0.001555, test_psnr : 29.5394
step : 15000, epoch : 40, mse : 0.001694, psnr : 32.0369, time : 4.0777
########## ITER3 start ########## 
step : 15100, epoch : 40, mse : 0.001649, psnr : 32.2388, time : 4.0897
step : 15200, epoch : 40, mse : 0.001669, psnr : 32.0982, time : 3.9673
epoch : 41, iter : 15293, test mse : 0.001550, test_psnr : 29.5626
step : 15300, epoch : 41, mse : 0.001754, psnr : 31.9214, time : 4.0864
step : 15400, epoch : 41, mse : 0.001714, psnr : 32.0127, time : 3.9745
step : 15500, epoch : 41, mse : 0.001656, psnr : 32.1416, time : 3.9585
step : 15600, epoch : 41, mse : 0.001681, psnr : 32.1308, time : 3.9726
epoch : 42, iter : 15666, test mse : 0.001550, test_psnr : 29.5569
step : 15700, epoch : 42, mse : 0.001716, psnr : 31.9909, time : 4.0860
step : 15800, epoch : 42, mse : 0.001728, psnr : 31.9510, time : 3.9656
step : 15900, epoch : 42, mse : 0.001673, psnr : 32.0224, time : 3.9650
step : 16000, epoch : 42, mse : 0.001672, psnr : 32.2178, time : 3.9655
epoch : 43, iter : 16039, test mse : 0.001549, test_psnr : 29.5637
step : 16100, epoch : 43, mse : 0.001684, psnr : 32.1053, time : 4.0865
step : 16200, epoch : 43, mse : 0.001665, psnr : 32.1516, time : 3.9654
step : 16300, epoch : 43, mse : 0.001690, psnr : 32.1377, time : 3.9647
step : 16400, epoch : 43, mse : 0.001709, psnr : 32.0505, time : 3.9657
epoch : 44, iter : 16412, test mse : 0.001550, test_psnr : 29.5581
step : 16500, epoch : 44, mse : 0.001655, psnr : 32.1530, time : 4.0861
step : 16600, epoch : 44, mse : 0.001735, psnr : 31.9399, time : 3.9660
step : 16700, epoch : 44, mse : 0.001674, psnr : 32.1165, time : 3.9651
epoch : 45, iter : 16785, test mse : 0.001550, test_psnr : 29.5569
step : 16800, epoch : 45, mse : 0.001686, psnr : 32.1011, time : 4.0857
step : 16900, epoch : 45, mse : 0.001716, psnr : 32.0961, time : 3.9649
step : 17000, epoch : 45, mse : 0.001648, psnr : 32.1871, time : 3.9651
step : 17100, epoch : 45, mse : 0.001689, psnr : 32.0448, time : 3.9653
epoch : 46, iter : 17158, test mse : 0.001550, test_psnr : 29.5570
step : 17200, epoch : 46, mse : 0.001721, psnr : 32.0102, time : 4.0856
step : 17300, epoch : 46, mse : 0.001683, psnr : 32.1053, time : 3.9651
step : 17400, epoch : 46, mse : 0.001676, psnr : 32.1126, time : 3.9644
step : 17500, epoch : 46, mse : 0.001719, psnr : 32.0077, time : 3.9646
epoch : 47, iter : 17531, test mse : 0.001552, test_psnr : 29.5497
step : 17600, epoch : 47, mse : 0.001704, psnr : 32.0817, time : 4.0848
step : 17700, epoch : 47, mse : 0.001707, psnr : 32.0504, time : 3.9648
step : 17800, epoch : 47, mse : 0.001681, psnr : 32.0823, time : 3.9649
step : 17900, epoch : 47, mse : 0.001671, psnr : 32.0321, time : 3.9644
epoch : 48, iter : 17904, test mse : 0.001551, test_psnr : 29.5541
step : 18000, epoch : 48, mse : 0.001672, psnr : 32.2451, time : 4.0850
step : 18100, epoch : 48, mse : 0.001716, psnr : 31.9338, time : 3.9655
step : 18200, epoch : 48, mse : 0.001693, psnr : 32.0801, time : 3.9652
epoch : 49, iter : 18277, test mse : 0.001552, test_psnr : 29.5520
step : 18300, epoch : 49, mse : 0.001663, psnr : 32.1554, time : 4.0859
step : 18400, epoch : 49, mse : 0.001663, psnr : 31.9704, time : 3.9644
step : 18500, epoch : 49, mse : 0.001684, psnr : 32.0366, time : 3.9644
step : 18600, epoch : 49, mse : 0.001735, psnr : 32.1509, time : 3.9645
epoch : 50, iter : 18650, test mse : 0.001552, test_psnr : 29.5502
step : 18700, epoch : 50, mse : 0.001734, psnr : 31.9552, time : 4.0840
step : 18800, epoch : 50, mse : 0.001681, psnr : 32.0630, time : 3.9647
step : 18900, epoch : 50, mse : 0.001657, psnr : 32.2650, time : 3.9639
step : 19000, epoch : 50, mse : 0.001688, psnr : 32.0500, time : 3.9639
epoch : 51, iter : 19023, test mse : 0.001550, test_psnr : 29.5551
step : 19100, epoch : 51, mse : 0.001718, psnr : 32.0601, time : 4.0854
step : 19200, epoch : 51, mse : 0.001651, psnr : 32.1498, time : 3.9647
step : 19300, epoch : 51, mse : 0.001709, psnr : 32.0344, time : 3.9639
epoch : 52, iter : 19396, test mse : 0.001549, test_psnr : 29.5600
step : 19400, epoch : 52, mse : 0.001692, psnr : 32.0326, time : 4.0857
step : 19500, epoch : 52, mse : 0.001679, psnr : 32.1298, time : 3.9649
step : 19600, epoch : 52, mse : 0.001682, psnr : 32.1090, time : 3.9649
step : 19700, epoch : 52, mse : 0.001701, psnr : 32.0403, time : 3.9642
epoch : 53, iter : 19769, test mse : 0.001551, test_psnr : 29.5533
step : 19800, epoch : 53, mse : 0.001735, psnr : 31.9504, time : 4.0849
step : 19900, epoch : 53, mse : 0.001673, psnr : 32.0323, time : 3.9649
step : 20000, epoch : 53, mse : 0.001666, psnr : 32.1171, time : 3.9653
Save ckpt file ../ckpt_file/sr_50.res2.ckpt
Finish training!!
STAGE : Training Loop Finish!
