main.py start!!
Image Loading Done !!
========= BICUBIC MSE : 0.00227523048358, PSNR : 27.5445308928 ==================
STAGE : Batch Init Finish!
STAGE : Network Init Finish!
STAGE : Session Init Finish!
train loop start!!
step : 1, epoch : 0, mse : 0.002000, psnr : 29.0147, time : 0.0160
step : 100, epoch : 0, mse : 0.001684, psnr : 30.4626, time : 2.9535
step : 200, epoch : 0, mse : 0.002079, psnr : 31.1994, time : 2.9726
step : 300, epoch : 0, mse : 0.002054, psnr : 31.1152, time : 2.9720
step : 400, epoch : 0, mse : 0.002007, psnr : 31.2279, time : 2.9715
step : 500, epoch : 0, mse : 0.001934, psnr : 31.4889, time : 2.9702
step : 600, epoch : 0, mse : 0.001981, psnr : 31.2200, time : 2.9701
step : 700, epoch : 0, mse : 0.001948, psnr : 31.5030, time : 2.9697
epoch : 1, iter : 746, test mse : 0.001797, test_psnr : 28.7526
step : 800, epoch : 1, mse : 0.001852, psnr : 31.5182, time : 3.1516
step : 900, epoch : 1, mse : 0.001891, psnr : 31.6835, time : 2.9682
step : 1000, epoch : 1, mse : 0.001849, psnr : 31.4321, time : 2.9683
step : 1100, epoch : 1, mse : 0.001895, psnr : 31.4671, time : 2.9679
step : 1200, epoch : 1, mse : 0.001755, psnr : 31.9096, time : 2.9680
step : 1300, epoch : 1, mse : 0.001843, psnr : 31.5411, time : 2.9680
step : 1400, epoch : 1, mse : 0.001764, psnr : 31.7316, time : 2.9685
epoch : 2, iter : 1492, test mse : 0.001717, test_psnr : 29.0014
step : 1500, epoch : 2, mse : 0.001735, psnr : 31.7458, time : 3.1468
step : 1600, epoch : 2, mse : 0.001893, psnr : 31.5996, time : 2.9686
step : 1700, epoch : 2, mse : 0.001879, psnr : 31.4695, time : 2.9676
step : 1800, epoch : 2, mse : 0.001779, psnr : 31.7841, time : 2.9686
step : 1900, epoch : 2, mse : 0.001762, psnr : 31.7555, time : 2.9685
step : 2000, epoch : 2, mse : 0.001778, psnr : 31.7043, time : 2.9678
step : 2100, epoch : 2, mse : 0.001752, psnr : 31.8602, time : 2.9681
step : 2200, epoch : 2, mse : 0.001731, psnr : 32.0095, time : 2.9676
epoch : 3, iter : 2238, test mse : 0.001721, test_psnr : 28.9457
step : 2300, epoch : 3, mse : 0.001741, psnr : 31.8953, time : 3.1457
step : 2400, epoch : 3, mse : 0.001721, psnr : 31.8796, time : 2.9680
step : 2500, epoch : 3, mse : 0.001790, psnr : 31.7167, time : 2.9679
step : 2600, epoch : 3, mse : 0.001804, psnr : 31.6445, time : 2.9679
step : 2700, epoch : 3, mse : 0.001831, psnr : 31.6793, time : 2.9676
step : 2800, epoch : 3, mse : 0.001817, psnr : 31.6969, time : 2.9676
step : 2900, epoch : 3, mse : 0.001773, psnr : 31.8624, time : 2.9677
epoch : 4, iter : 2984, test mse : 0.001618, test_psnr : 29.2927
step : 3000, epoch : 4, mse : 0.001755, psnr : 31.9016, time : 3.1462
step : 3100, epoch : 4, mse : 0.001769, psnr : 31.7664, time : 2.9671
step : 3200, epoch : 4, mse : 0.001797, psnr : 31.6295, time : 2.9677
step : 3300, epoch : 4, mse : 0.001778, psnr : 31.8986, time : 2.9671
step : 3400, epoch : 4, mse : 0.001809, psnr : 31.8748, time : 2.9678
step : 3500, epoch : 4, mse : 0.001740, psnr : 31.9008, time : 2.9673
step : 3600, epoch : 4, mse : 0.001802, psnr : 31.7296, time : 2.9919
step : 3700, epoch : 4, mse : 0.001719, psnr : 31.9530, time : 2.9721
epoch : 5, iter : 3730, test mse : 0.001613, test_psnr : 29.3803
step : 3800, epoch : 5, mse : 0.001743, psnr : 32.1115, time : 3.1580
step : 3900, epoch : 5, mse : 0.001747, psnr : 31.9239, time : 2.9752
step : 4000, epoch : 5, mse : 0.001791, psnr : 31.9287, time : 2.9747
step : 4100, epoch : 5, mse : 0.001725, psnr : 31.7280, time : 2.9748
step : 4200, epoch : 5, mse : 0.001803, psnr : 31.7379, time : 2.9753
step : 4300, epoch : 5, mse : 0.001750, psnr : 31.8508, time : 2.9751
step : 4400, epoch : 5, mse : 0.001738, psnr : 31.7827, time : 2.9740
epoch : 6, iter : 4476, test mse : 0.001579, test_psnr : 29.4889
step : 4500, epoch : 6, mse : 0.001754, psnr : 32.0029, time : 3.1535
step : 4600, epoch : 6, mse : 0.001812, psnr : 31.6155, time : 2.9745
step : 4700, epoch : 6, mse : 0.001757, psnr : 31.8215, time : 2.9746
step : 4800, epoch : 6, mse : 0.001781, psnr : 31.9585, time : 2.9745
step : 4900, epoch : 6, mse : 0.001799, psnr : 31.6001, time : 2.9746
step : 5000, epoch : 6, mse : 0.001707, psnr : 32.1492, time : 2.9748
step : 5100, epoch : 6, mse : 0.001674, psnr : 31.9728, time : 2.9760
step : 5200, epoch : 6, mse : 0.001714, psnr : 32.0243, time : 2.9901
epoch : 7, iter : 5222, test mse : 0.001569, test_psnr : 29.5313
step : 5300, epoch : 7, mse : 0.001717, psnr : 31.9851, time : 3.1498
step : 5400, epoch : 7, mse : 0.001797, psnr : 31.7956, time : 3.0078
step : 5500, epoch : 7, mse : 0.001754, psnr : 31.9694, time : 3.0221
step : 5600, epoch : 7, mse : 0.001801, psnr : 31.8373, time : 3.0215
step : 5700, epoch : 7, mse : 0.001761, psnr : 31.8434, time : 3.0048
step : 5800, epoch : 7, mse : 0.001654, psnr : 32.1158, time : 2.9845
step : 5900, epoch : 7, mse : 0.001719, psnr : 31.9672, time : 2.9695
epoch : 8, iter : 5968, test mse : 0.001579, test_psnr : 29.4966
step : 6000, epoch : 8, mse : 0.001729, psnr : 31.9478, time : 3.1608
########## ITER2 start ########## 
step : 6100, epoch : 8, mse : 0.001639, psnr : 32.1808, time : 3.3001
step : 6200, epoch : 8, mse : 0.001711, psnr : 31.9123, time : 2.9832
step : 6300, epoch : 8, mse : 0.001734, psnr : 32.0180, time : 2.9836
step : 6400, epoch : 8, mse : 0.001734, psnr : 32.0947, time : 2.9837
step : 6500, epoch : 8, mse : 0.001749, psnr : 31.9870, time : 2.9830
step : 6600, epoch : 8, mse : 0.001748, psnr : 31.8751, time : 2.9839
step : 6700, epoch : 8, mse : 0.001675, psnr : 32.1025, time : 2.9830
epoch : 9, iter : 6714, test mse : 0.001543, test_psnr : 29.6262
step : 6800, epoch : 9, mse : 0.001664, psnr : 32.0544, time : 3.1636
step : 6900, epoch : 9, mse : 0.001685, psnr : 32.0293, time : 2.9833
step : 7000, epoch : 9, mse : 0.001677, psnr : 32.1468, time : 2.9914
step : 7100, epoch : 9, mse : 0.001703, psnr : 31.9845, time : 2.9830
step : 7200, epoch : 9, mse : 0.001697, psnr : 32.0967, time : 2.9775
step : 7300, epoch : 9, mse : 0.001738, psnr : 31.9652, time : 2.9752
step : 7400, epoch : 9, mse : 0.001710, psnr : 32.2670, time : 2.9915
epoch : 10, iter : 7460, test mse : 0.001543, test_psnr : 29.6246
step : 7500, epoch : 10, mse : 0.001707, psnr : 32.0465, time : 3.1628
step : 7600, epoch : 10, mse : 0.001696, psnr : 31.9714, time : 2.9819
step : 7700, epoch : 10, mse : 0.001659, psnr : 32.1409, time : 2.9750
step : 7800, epoch : 10, mse : 0.001746, psnr : 32.0024, time : 2.9918
step : 7900, epoch : 10, mse : 0.001686, psnr : 32.2042, time : 2.9865
step : 8000, epoch : 10, mse : 0.001754, psnr : 31.7996, time : 2.9866
step : 8100, epoch : 10, mse : 0.001696, psnr : 32.1071, time : 2.9869
step : 8200, epoch : 10, mse : 0.001742, psnr : 31.9531, time : 2.9862
epoch : 11, iter : 8206, test mse : 0.001543, test_psnr : 29.6267
step : 8300, epoch : 11, mse : 0.001628, psnr : 32.2489, time : 3.1670
step : 8400, epoch : 11, mse : 0.001744, psnr : 32.0896, time : 2.9866
step : 8500, epoch : 11, mse : 0.001689, psnr : 32.1737, time : 2.9874
step : 8600, epoch : 11, mse : 0.001737, psnr : 32.0048, time : 2.9889
step : 8700, epoch : 11, mse : 0.001733, psnr : 31.9259, time : 2.9934
step : 8800, epoch : 11, mse : 0.001743, psnr : 31.9707, time : 2.9927
step : 8900, epoch : 11, mse : 0.001646, psnr : 32.0702, time : 2.9939
epoch : 12, iter : 8952, test mse : 0.001544, test_psnr : 29.6235
step : 9000, epoch : 12, mse : 0.001724, psnr : 32.0910, time : 3.1743
step : 9100, epoch : 12, mse : 0.001757, psnr : 31.9996, time : 2.9979
step : 9200, epoch : 12, mse : 0.001648, psnr : 32.0970, time : 3.0138
step : 9300, epoch : 12, mse : 0.001696, psnr : 32.0354, time : 2.9808
step : 9400, epoch : 12, mse : 0.001641, psnr : 32.3343, time : 2.9917
step : 9500, epoch : 12, mse : 0.001680, psnr : 31.9844, time : 2.9855
step : 9600, epoch : 12, mse : 0.001740, psnr : 32.0161, time : 2.9866
epoch : 13, iter : 9698, test mse : 0.001542, test_psnr : 29.6289
step : 9700, epoch : 13, mse : 0.001703, psnr : 32.0609, time : 3.1643
step : 9800, epoch : 13, mse : 0.001695, psnr : 32.1215, time : 2.9863
step : 9900, epoch : 13, mse : 0.001694, psnr : 31.8517, time : 2.9902
step : 10000, epoch : 13, mse : 0.001689, psnr : 32.0305, time : 2.9966
step : 10100, epoch : 13, mse : 0.001676, psnr : 32.1738, time : 2.9820
step : 10200, epoch : 13, mse : 0.001675, psnr : 32.0360, time : 3.0111
step : 10300, epoch : 13, mse : 0.001701, psnr : 32.0683, time : 2.9843
step : 10400, epoch : 13, mse : 0.001737, psnr : 32.1822, time : 3.0047
epoch : 14, iter : 10444, test mse : 0.001544, test_psnr : 29.6221
step : 10500, epoch : 14, mse : 0.001729, psnr : 32.1257, time : 3.1734
step : 10600, epoch : 14, mse : 0.001664, psnr : 31.9965, time : 3.0021
step : 10700, epoch : 14, mse : 0.001676, psnr : 32.1116, time : 2.9992
step : 10800, epoch : 14, mse : 0.001687, psnr : 32.1541, time : 3.0014
step : 10900, epoch : 14, mse : 0.001710, psnr : 32.1084, time : 2.9868
step : 11000, epoch : 14, mse : 0.001710, psnr : 32.0794, time : 2.9953
