main.py start!!
Image Loading Done !!
========= BICUBIC MSE : 0.00237094386415, PSNR : 31.1909305079 ==================
STAGE : Batch Init Finish!
STAGE : Network Init Finish!
STAGE : Session Init Finish!
train loop start!!
step : 1, epoch : 0, mse : 0.003046, psnr : 26.9123, time : 0.0137
===================================================================================
 grad_0  :  1.21946 7.34474 (3, 3, 1, 64)
 grad_5  :  3.36042e-07 1.69422e-06 (3, 3, 64, 64)
 grad_10 :  3.3313e-07 1.83165e-06 (3, 3, 64, 64)
===================================================================================
step : 100, epoch : 0, mse : 0.002269, psnr : 30.9538, time : 1.7250
===================================================================================
 grad_0  :  9.94024e-06 3.9494e-05 (3, 3, 1, 64)
 grad_5  :  9.2351e-08 4.68161e-07 (3, 3, 64, 64)
 grad_10 :  9.08378e-08 5.7912e-07 (3, 3, 64, 64)
===================================================================================
step : 200, epoch : 0, mse : 0.002332, psnr : 31.5974, time : 1.7344
===================================================================================
 grad_0  :  1.02059e-06 1.58753e-05 (3, 3, 1, 64)
 grad_5  :  5.21685e-10 2.67457e-09 (3, 3, 64, 64)
 grad_10 :  5.15934e-10 3.14041e-09 (3, 3, 64, 64)
===================================================================================
step : 300, epoch : 1, mse : 0.002313, psnr : 31.8284, time : 1.7309
===================================================================================
 grad_0  :  9.86622e-08 4.51955e-06 (3, 3, 1, 64)
 grad_5  :  8.68767e-12 2.14557e-07 (3, 3, 64, 64)
 grad_10 :  4.06605e-11 1.31957e-06 (3, 3, 64, 64)
===================================================================================
step : 400, epoch : 1, mse : 0.002261, psnr : 31.4428, time : 1.7313
===================================================================================
 grad_0  :  8.60004e-09 9.28359e-07 (3, 3, 1, 64)
 grad_5  :  2.03853e-13 6.94519e-09 (3, 3, 64, 64)
 grad_10 :  7.87064e-12 1.80137e-07 (3, 3, 64, 64)
===================================================================================
step : 500, epoch : 1, mse : 0.002273, psnr : 31.5905, time : 1.7474
===================================================================================
 grad_0  :  6.39596e-10 1.36942e-07 (3, 3, 1, 64)
 grad_5  :  7.94549e-16 2.6254e-11 (3, 3, 64, 64)
 grad_10 :  2.25687e-11 5.52597e-07 (3, 3, 64, 64)
===================================================================================
epoch : 2, iter : 560, test mse : 0.002320, test_psnr : 27.3400
step : 600, epoch : 2, mse : 0.002320, psnr : 31.2225, time : 1.8629
===================================================================================
 grad_0  :  4.15266e-11 1.42163e-08 (3, 3, 1, 64)
 grad_5  :  1.25925e-11 4.6421e-07 (3, 3, 64, 64)
 grad_10 :  6.61484e-11 9.08442e-07 (3, 3, 64, 64)
===================================================================================
step : 700, epoch : 2, mse : 0.002219, psnr : 31.6714, time : 1.7493
===================================================================================
 grad_0  :  2.26204e-12 1.00125e-09 (3, 3, 1, 64)
 grad_5  :  2.33952e-12 8.5747e-08 (3, 3, 64, 64)
 grad_10 :  5.45577e-11 1.12182e-06 (3, 3, 64, 64)
===================================================================================
step : 800, epoch : 2, mse : 0.002319, psnr : 31.3864, time : 1.7398
===================================================================================
 grad_0  :  8.9354e-14 4.5015e-11 (3, 3, 1, 64)
 grad_5  :  2.22313e-11 6.24577e-07 (3, 3, 64, 64)
 grad_10 :  6.19211e-11 1.22353e-06 (3, 3, 64, 64)
===================================================================================
step : 900, epoch : 3, mse : 0.002252, psnr : 31.5573, time : 1.7354
===================================================================================
 grad_0  :  2.13124e-15 1.15928e-12 (3, 3, 1, 64)
 grad_5  :  9.67076e-11 1.06304e-06 (3, 3, 64, 64)
 grad_10 :  1.68554e-10 2.0896e-06 (3, 3, 64, 64)
===================================================================================
