main.py start!!
Image Loading Done !!
========= BICUBIC MSE : 0.00237094386415, PSNR : 31.1909305079 ==================
STAGE : Batch Init Finish!
STAGE : Network Init Finish!
STAGE : Session Init Finish!
train loop start!!
step : 1, epoch : 0, mse : 0.003802, psnr : 27.1252, time : 0.0107
===================================================================================
 grad_0  :  0.170219 1.11088 (3, 3, 1, 64)
 grad_5  :  3.33996e-07 1.72101e-06 (3, 3, 64, 64)
 grad_10 :  3.34892e-07 1.82214e-06 (3, 3, 64, 64)
===================================================================================
step : 100, epoch : 0, mse : 0.002192, psnr : 30.9248, time : 1.7208
===================================================================================
 grad_0  :  2.55739e-05 8.33561e-05 (3, 3, 1, 64)
 grad_5  :  2.68562e-06 3.22404e-05 (3, 3, 64, 64)
 grad_10 :  2.27278e-06 0.000110435 (3, 3, 64, 64)
===================================================================================
step : 200, epoch : 0, mse : 0.002197, psnr : 31.4403, time : 1.7303
===================================================================================
 grad_0  :  0.000149121 0.000677823 (3, 3, 1, 64)
 grad_5  :  3.95287e-05 0.000747221 (3, 3, 64, 64)
 grad_10 :  1.76006e-05 0.00153843 (3, 3, 64, 64)
===================================================================================
step : 300, epoch : 1, mse : 0.002062, psnr : 31.8322, time : 1.7286
===================================================================================
 grad_0  :  0.000134698 0.000744302 (3, 3, 1, 64)
 grad_5  :  2.24734e-05 0.000641724 (3, 3, 64, 64)
 grad_10 :  1.13797e-05 0.000763802 (3, 3, 64, 64)
===================================================================================
step : 400, epoch : 1, mse : 0.002024, psnr : 31.6830, time : 1.7285
===================================================================================
 grad_0  :  0.000138177 0.000655879 (3, 3, 1, 64)
 grad_5  :  1.71263e-05 0.00047202 (3, 3, 64, 64)
 grad_10 :  1.32594e-05 0.000322995 (3, 3, 64, 64)
===================================================================================
step : 500, epoch : 1, mse : 0.001919, psnr : 31.9463, time : 1.7280
===================================================================================
 grad_0  :  0.000162047 0.000871296 (3, 3, 1, 64)
 grad_5  :  2.7835e-05 0.000647095 (3, 3, 64, 64)
 grad_10 :  8.73717e-06 0.000541048 (3, 3, 64, 64)
===================================================================================
epoch : 2, iter : 560, test mse : 0.002114, test_psnr : 27.8151
step : 600, epoch : 2, mse : 0.001862, psnr : 32.1358, time : 1.8475
===================================================================================
 grad_0  :  0.00013916 0.000430771 (3, 3, 1, 64)
 grad_5  :  2.03022e-05 0.000413259 (3, 3, 64, 64)
 grad_10 :  1.27067e-05 0.000207705 (3, 3, 64, 64)
===================================================================================
step : 700, epoch : 2, mse : 0.001867, psnr : 32.1728, time : 1.7279
===================================================================================
 grad_0  :  0.000185183 0.000997036 (3, 3, 1, 64)
 grad_5  :  1.85919e-05 0.00042657 (3, 3, 64, 64)
 grad_10 :  1.10745e-05 0.000274763 (3, 3, 64, 64)
===================================================================================
step : 800, epoch : 2, mse : 0.001890, psnr : 32.1143, time : 1.7280
===================================================================================
 grad_0  :  7.59655e-05 0.000242744 (3, 3, 1, 64)
 grad_5  :  1.28509e-05 0.000360602 (3, 3, 64, 64)
 grad_10 :  5.97142e-06 0.000369038 (3, 3, 64, 64)
===================================================================================
step : 900, epoch : 3, mse : 0.001819, psnr : 32.1574, time : 1.7280
===================================================================================
 grad_0  :  0.000121241 0.000575419 (3, 3, 1, 64)
 grad_5  :  1.59998e-05 0.000378717 (3, 3, 64, 64)
 grad_10 :  5.15069e-06 0.000314853 (3, 3, 64, 64)
===================================================================================
step : 1000, epoch : 3, mse : 0.001856, psnr : 32.1877, time : 1.7302
===================================================================================
 grad_0  :  0.000294016 0.00137507 (3, 3, 1, 64)
 grad_5  :  4.29159e-05 0.000868301 (3, 3, 64, 64)
 grad_10 :  1.18516e-05 0.000692025 (3, 3, 64, 64)
===================================================================================
step : 1100, epoch : 3, mse : 0.001839, psnr : 32.4068, time : 1.7306
===================================================================================
 grad_0  :  0.000112941 0.000371913 (3, 3, 1, 64)
 grad_5  :  2.77815e-05 0.000631145 (3, 3, 64, 64)
 grad_10 :  1.01656e-05 0.000612452 (3, 3, 64, 64)
===================================================================================
epoch : 4, iter : 1120, test mse : 0.002009, test_psnr : 28.0956
step : 1200, epoch : 4, mse : 0.001837, psnr : 32.3530, time : 1.8479
===================================================================================
 grad_0  :  0.000163495 0.000683196 (3, 3, 1, 64)
 grad_5  :  1.8713e-05 0.000370168 (3, 3, 64, 64)
 grad_10 :  8.38048e-06 0.000334254 (3, 3, 64, 64)
===================================================================================
step : 1300, epoch : 4, mse : 0.001740, psnr : 32.5269, time : 1.7297
===================================================================================
 grad_0  :  0.000106044 0.000445723 (3, 3, 1, 64)
 grad_5  :  3.23477e-05 0.000720586 (3, 3, 64, 64)
 grad_10 :  1.19437e-05 0.000637503 (3, 3, 64, 64)
===================================================================================
step : 1400, epoch : 4, mse : 0.001860, psnr : 32.2473, time : 1.7307
===================================================================================
 grad_0  :  8.66004e-05 0.000299531 (3, 3, 1, 64)
 grad_5  :  1.56763e-05 0.000312574 (3, 3, 64, 64)
 grad_10 :  5.50741e-06 0.00029611 (3, 3, 64, 64)
===================================================================================
step : 1500, epoch : 5, mse : 0.001759, psnr : 32.5966, time : 1.7256
===================================================================================
 grad_0  :  0.000166352 0.000793424 (3, 3, 1, 64)
 grad_5  :  2.03372e-05 0.000546656 (3, 3, 64, 64)
 grad_10 :  9.70701e-06 0.000394431 (3, 3, 64, 64)
===================================================================================
step : 1600, epoch : 5, mse : 0.001835, psnr : 32.3298, time : 1.7273
===================================================================================
 grad_0  :  0.000285676 0.000955615 (3, 3, 1, 64)
 grad_5  :  5.09702e-05 0.00118196 (3, 3, 64, 64)
 grad_10 :  1.93198e-05 0.00103814 (3, 3, 64, 64)
===================================================================================
epoch : 6, iter : 1680, test mse : 0.001998, test_psnr : 28.1549
step : 1700, epoch : 6, mse : 0.001812, psnr : 32.3009, time : 1.8441
===================================================================================
 grad_0  :  0.000151583 0.000645579 (3, 3, 1, 64)
 grad_5  :  1.83468e-05 0.000309575 (3, 3, 64, 64)
 grad_10 :  8.44025e-06 0.000339018 (3, 3, 64, 64)
===================================================================================
step : 1800, epoch : 6, mse : 0.001770, psnr : 32.5374, time : 1.7270
===================================================================================
 grad_0  :  0.000317162 0.00146027 (3, 3, 1, 64)
 grad_5  :  5.03472e-05 0.00123094 (3, 3, 64, 64)
 grad_10 :  2.13438e-05 0.000823556 (3, 3, 64, 64)
===================================================================================
step : 1900, epoch : 6, mse : 0.001800, psnr : 32.4254, time : 1.7280
===================================================================================
 grad_0  :  0.00011098 0.000368596 (3, 3, 1, 64)
 grad_5  :  1.27423e-05 0.000351068 (3, 3, 64, 64)
 grad_10 :  5.82317e-06 0.000341503 (3, 3, 64, 64)
===================================================================================
step : 2000, epoch : 7, mse : 0.001793, psnr : 32.4774, time : 1.7287
===================================================================================
 grad_0  :  0.000243039 0.0011224 (3, 3, 1, 64)
 grad_5  :  1.77263e-05 0.000363727 (3, 3, 64, 64)
 grad_10 :  1.01593e-05 0.000267842 (3, 3, 64, 64)
===================================================================================
