main.py start!! ../ckpt_file/sr_50.10_res.ckpt /gpu:0 SHORT_CUT 1 ABS_PATH 0 lenPATCH 44
Image Loading Done !!
========= BICUBIC MSE : 0.00227523048358, PSNR : 27.5445308928 ==================
STAGE : Batch Init Finish!
STAGE : Network Init Finish!
STAGE : Session Init Finish!
train loop start!!
step : 1, epoch : 0, mse : 0.001679, psnr : 30.7267, time : 0.0109
step : 100, epoch : 0, mse : 0.001988, psnr : 31.2848, time : 1.8925
step : 200, epoch : 0, mse : 0.002029, psnr : 31.8660, time : 1.9087
epoch : 1, iter : 253, test mse : 0.001794, test_psnr : 28.6863
step : 300, epoch : 1, mse : 0.001963, psnr : 31.9437, time : 2.0410
step : 400, epoch : 1, mse : 0.001865, psnr : 32.1036, time : 1.9102
step : 500, epoch : 1, mse : 0.001883, psnr : 32.0528, time : 1.9115
epoch : 2, iter : 507, test mse : 0.001736, test_psnr : 28.9050
step : 600, epoch : 2, mse : 0.001792, psnr : 32.2799, time : 2.0283
step : 700, epoch : 2, mse : 0.001836, psnr : 32.1980, time : 1.9065
epoch : 3, iter : 761, test mse : 0.001701, test_psnr : 29.0138
step : 800, epoch : 3, mse : 0.001873, psnr : 32.1199, time : 2.0444
step : 900, epoch : 3, mse : 0.001827, psnr : 32.2693, time : 1.9124
step : 1000, epoch : 3, mse : 0.001783, psnr : 32.4150, time : 1.9115
epoch : 4, iter : 1015, test mse : 0.001696, test_psnr : 29.0465
Save ckpt file ../ckpt_file/sr_50.10_res.ckpt
step : 1100, epoch : 4, mse : 0.001830, psnr : 32.2658, time : 2.0608
step : 1200, epoch : 4, mse : 0.001826, psnr : 32.2388, time : 1.9088
epoch : 5, iter : 1269, test mse : 0.001672, test_psnr : 29.1424
step : 1300, epoch : 5, mse : 0.001775, psnr : 32.4338, time : 2.0304
step : 1400, epoch : 5, mse : 0.001772, psnr : 32.3379, time : 1.9089
step : 1500, epoch : 5, mse : 0.001801, psnr : 32.5148, time : 1.9087
epoch : 6, iter : 1523, test mse : 0.001643, test_psnr : 29.2395
step : 1600, epoch : 6, mse : 0.001786, psnr : 32.5007, time : 2.0306
step : 1700, epoch : 6, mse : 0.001775, psnr : 32.3668, time : 1.9094
epoch : 7, iter : 1777, test mse : 0.001640, test_psnr : 29.2501
step : 1800, epoch : 7, mse : 0.001809, psnr : 32.2935, time : 2.0305
step : 1900, epoch : 7, mse : 0.001791, psnr : 32.4612, time : 1.9092
step : 2000, epoch : 7, mse : 0.001744, psnr : 32.4795, time : 1.9093
epoch : 8, iter : 2031, test mse : 0.001649, test_psnr : 29.2128
Save ckpt file ../ckpt_file/sr_50.10_res.ckpt
step : 2100, epoch : 8, mse : 0.001748, psnr : 32.5861, time : 2.0597
step : 2200, epoch : 8, mse : 0.001776, psnr : 32.4385, time : 1.9090
epoch : 9, iter : 2285, test mse : 0.001629, test_psnr : 29.3026
step : 2300, epoch : 9, mse : 0.001810, psnr : 32.4290, time : 2.0305
step : 2400, epoch : 9, mse : 0.001745, psnr : 32.5863, time : 1.9090
step : 2500, epoch : 9, mse : 0.001770, psnr : 32.4965, time : 1.9094
epoch : 10, iter : 2539, test mse : 0.001642, test_psnr : 29.2301
step : 2600, epoch : 10, mse : 0.001772, psnr : 32.4798, time : 2.0307
step : 2700, epoch : 10, mse : 0.001774, psnr : 32.5156, time : 1.9096
epoch : 11, iter : 2793, test mse : 0.001654, test_psnr : 29.1800
step : 2800, epoch : 11, mse : 0.001740, psnr : 32.5257, time : 2.0304
step : 2900, epoch : 11, mse : 0.001769, psnr : 32.4632, time : 1.9090
step : 3000, epoch : 11, mse : 0.001722, psnr : 32.6879, time : 1.9094
epoch : 12, iter : 3047, test mse : 0.001621, test_psnr : 29.3282
Save ckpt file ../ckpt_file/sr_50.10_res.ckpt
step : 3100, epoch : 12, mse : 0.001782, psnr : 32.4185, time : 2.0591
step : 3200, epoch : 12, mse : 0.001752, psnr : 32.5851, time : 1.9095
step : 3300, epoch : 12, mse : 0.001745, psnr : 32.5722, time : 1.9094
epoch : 13, iter : 3301, test mse : 0.001635, test_psnr : 29.2565
step : 3400, epoch : 13, mse : 0.001728, psnr : 32.4824, time : 2.0307
step : 3500, epoch : 13, mse : 0.001789, psnr : 32.5833, time : 1.9096
epoch : 14, iter : 3555, test mse : 0.001626, test_psnr : 29.2869
step : 3600, epoch : 14, mse : 0.001768, psnr : 32.5771, time : 2.0307
step : 3700, epoch : 14, mse : 0.001713, psnr : 32.7492, time : 1.9099
step : 3800, epoch : 14, mse : 0.001761, psnr : 32.4745, time : 1.9097
epoch : 15, iter : 3809, test mse : 0.001626, test_psnr : 29.2981
step : 3900, epoch : 15, mse : 0.001730, psnr : 32.5781, time : 2.0309
step : 4000, epoch : 15, mse : 0.001729, psnr : 32.6476, time : 1.9091
epoch : 16, iter : 4063, test mse : 0.001613, test_psnr : 29.3609
Save ckpt file ../ckpt_file/sr_50.10_res.ckpt
step : 4100, epoch : 16, mse : 0.001768, psnr : 32.4763, time : 2.0613
step : 4200, epoch : 16, mse : 0.001729, psnr : 32.6050, time : 1.9090
step : 4300, epoch : 16, mse : 0.001734, psnr : 32.6673, time : 1.9098
epoch : 17, iter : 4317, test mse : 0.001626, test_psnr : 29.2973
step : 4400, epoch : 17, mse : 0.001727, psnr : 32.6102, time : 2.0311
step : 4500, epoch : 17, mse : 0.001746, psnr : 32.6567, time : 1.9094
epoch : 18, iter : 4571, test mse : 0.001596, test_psnr : 29.3883
step : 4600, epoch : 18, mse : 0.001745, psnr : 32.5655, time : 2.0305
step : 4700, epoch : 18, mse : 0.001756, psnr : 32.5063, time : 1.9090
step : 4800, epoch : 18, mse : 0.001736, psnr : 32.6852, time : 1.9096
epoch : 19, iter : 4825, test mse : 0.001591, test_psnr : 29.4222
step : 4900, epoch : 19, mse : 0.001704, psnr : 32.7209, time : 2.0305
step : 5000, epoch : 19, mse : 0.001739, psnr : 32.5369, time : 1.9098
epoch : 20, iter : 5079, test mse : 0.001618, test_psnr : 29.3388
Save ckpt file ../ckpt_file/sr_50.10_res.ckpt
step : 5100, epoch : 20, mse : 0.001771, psnr : 32.6040, time : 2.0599
step : 5200, epoch : 20, mse : 0.001748, psnr : 32.6113, time : 1.9094
step : 5300, epoch : 20, mse : 0.001718, psnr : 32.6284, time : 1.9099
epoch : 21, iter : 5333, test mse : 0.001610, test_psnr : 29.3635
step : 5400, epoch : 21, mse : 0.001694, psnr : 32.8345, time : 2.0308
step : 5500, epoch : 21, mse : 0.001778, psnr : 32.5164, time : 1.9101
epoch : 22, iter : 5587, test mse : 0.001601, test_psnr : 29.3930
step : 5600, epoch : 22, mse : 0.001705, psnr : 32.6659, time : 2.0312
step : 5700, epoch : 22, mse : 0.001725, psnr : 32.6741, time : 1.9094
step : 5800, epoch : 22, mse : 0.001719, psnr : 32.7876, time : 1.9090
epoch : 23, iter : 5841, test mse : 0.001606, test_psnr : 29.3863
step : 5900, epoch : 23, mse : 0.001768, psnr : 32.4477, time : 2.0301
step : 6000, epoch : 23, mse : 0.001729, psnr : 32.5606, time : 1.9094
epoch : 24, iter : 6095, test mse : 0.001604, test_psnr : 29.3618
Save ckpt file ../ckpt_file/sr_50.10_res.ckpt
step : 6100, epoch : 24, mse : 0.001730, psnr : 32.7392, time : 2.0594
step : 6200, epoch : 24, mse : 0.001727, psnr : 32.5612, time : 1.9090
step : 6300, epoch : 24, mse : 0.001732, psnr : 32.6506, time : 1.9090
epoch : 25, iter : 6349, test mse : 0.001600, test_psnr : 29.3704
step : 6400, epoch : 25, mse : 0.001713, psnr : 32.8058, time : 2.0302
step : 6500, epoch : 25, mse : 0.001740, psnr : 32.6839, time : 1.9092
step : 6600, epoch : 25, mse : 0.001731, psnr : 32.5793, time : 1.9090
epoch : 26, iter : 6603, test mse : 0.001588, test_psnr : 29.4456
step : 6700, epoch : 26, mse : 0.001729, psnr : 32.7135, time : 2.0304
step : 6800, epoch : 26, mse : 0.001756, psnr : 32.5176, time : 1.9096
epoch : 27, iter : 6857, test mse : 0.001597, test_psnr : 29.4012
step : 6900, epoch : 27, mse : 0.001687, psnr : 32.8208, time : 2.0308
step : 7000, epoch : 27, mse : 0.001741, psnr : 32.5307, time : 1.9094
step : 7100, epoch : 27, mse : 0.001722, psnr : 32.7230, time : 1.9093
epoch : 28, iter : 7111, test mse : 0.001594, test_psnr : 29.4066
Save ckpt file ../ckpt_file/sr_50.10_res.ckpt
step : 7200, epoch : 28, mse : 0.001757, psnr : 32.4822, time : 2.0592
step : 7300, epoch : 28, mse : 0.001699, psnr : 32.8048, time : 1.9094
epoch : 29, iter : 7365, test mse : 0.001603, test_psnr : 29.3537
step : 7400, epoch : 29, mse : 0.001719, psnr : 32.7035, time : 2.0309
step : 7500, epoch : 29, mse : 0.001729, psnr : 32.6834, time : 1.9095
step : 7600, epoch : 29, mse : 0.001733, psnr : 32.6646, time : 1.9097
epoch : 30, iter : 7619, test mse : 0.001589, test_psnr : 29.4058
step : 7700, epoch : 30, mse : 0.001709, psnr : 32.6297, time : 2.0309
step : 7800, epoch : 30, mse : 0.001727, psnr : 32.6368, time : 1.9092
epoch : 31, iter : 7873, test mse : 0.001601, test_psnr : 29.3611
step : 7900, epoch : 31, mse : 0.001742, psnr : 32.6722, time : 2.0310
step : 8000, epoch : 31, mse : 0.001722, psnr : 32.7998, time : 1.9090
step : 8100, epoch : 31, mse : 0.001723, psnr : 32.5977, time : 1.9092
epoch : 32, iter : 8127, test mse : 0.001604, test_psnr : 29.3883
Save ckpt file ../ckpt_file/sr_50.10_res.ckpt
step : 8200, epoch : 32, mse : 0.001710, psnr : 32.6785, time : 2.0596
step : 8300, epoch : 32, mse : 0.001734, psnr : 32.5986, time : 1.9089
epoch : 33, iter : 8381, test mse : 0.001589, test_psnr : 29.4023
step : 8400, epoch : 33, mse : 0.001732, psnr : 32.6280, time : 2.0306
step : 8500, epoch : 33, mse : 0.001723, psnr : 32.7035, time : 1.9096
step : 8600, epoch : 33, mse : 0.001727, psnr : 32.6206, time : 1.9090
epoch : 34, iter : 8635, test mse : 0.001594, test_psnr : 29.4115
step : 8700, epoch : 34, mse : 0.001742, psnr : 32.6149, time : 2.0306
step : 8800, epoch : 34, mse : 0.001690, psnr : 32.8059, time : 1.9094
epoch : 35, iter : 8889, test mse : 0.001583, test_psnr : 29.4379
step : 8900, epoch : 35, mse : 0.001744, psnr : 32.5524, time : 2.0305
step : 9000, epoch : 35, mse : 0.001698, psnr : 32.7123, time : 1.9095
step : 9100, epoch : 35, mse : 0.001733, psnr : 32.6466, time : 1.9093
epoch : 36, iter : 9143, test mse : 0.001593, test_psnr : 29.4081
Save ckpt file ../ckpt_file/sr_50.10_res.ckpt
step : 9200, epoch : 36, mse : 0.001755, psnr : 32.5699, time : 2.0616
step : 9300, epoch : 36, mse : 0.001736, psnr : 32.6675, time : 1.9093
epoch : 37, iter : 9397, test mse : 0.001587, test_psnr : 29.4437
step : 9400, epoch : 37, mse : 0.001710, psnr : 32.7033, time : 2.0310
step : 9500, epoch : 37, mse : 0.001714, psnr : 32.6997, time : 1.9094
step : 9600, epoch : 37, mse : 0.001727, psnr : 32.6601, time : 1.9095
epoch : 38, iter : 9651, test mse : 0.001595, test_psnr : 29.3886
step : 9700, epoch : 38, mse : 0.001767, psnr : 32.4866, time : 2.0305
step : 9800, epoch : 38, mse : 0.001689, psnr : 32.8282, time : 1.9090
step : 9900, epoch : 38, mse : 0.001729, psnr : 32.5965, time : 1.9094
epoch : 39, iter : 9905, test mse : 0.001603, test_psnr : 29.3630
step : 10000, epoch : 39, mse : 0.001692, psnr : 32.7321, time : 2.0308
step : 10100, epoch : 39, mse : 0.001742, psnr : 32.5980, time : 1.9093
epoch : 40, iter : 10159, test mse : 0.001601, test_psnr : 29.3844
Save ckpt file ../ckpt_file/sr_50.10_res.ckpt
step : 10200, epoch : 40, mse : 0.001748, psnr : 32.4979, time : 2.0614
step : 10300, epoch : 40, mse : 0.001756, psnr : 32.6815, time : 1.9093
step : 10400, epoch : 40, mse : 0.001696, psnr : 32.7200, time : 1.9095
epoch : 41, iter : 10413, test mse : 0.001590, test_psnr : 29.4279
step : 10500, epoch : 41, mse : 0.001729, psnr : 32.6037, time : 2.0309
step : 10600, epoch : 41, mse : 0.001723, psnr : 32.5750, time : 1.9095
epoch : 42, iter : 10667, test mse : 0.001594, test_psnr : 29.3994
step : 10700, epoch : 42, mse : 0.001762, psnr : 32.6555, time : 2.0310
step : 10800, epoch : 42, mse : 0.001720, psnr : 32.6861, time : 1.9096
step : 10900, epoch : 42, mse : 0.001696, psnr : 32.6678, time : 1.9088
epoch : 43, iter : 10921, test mse : 0.001587, test_psnr : 29.4318
step : 11000, epoch : 43, mse : 0.001760, psnr : 32.5422, time : 2.0308
step : 11100, epoch : 43, mse : 0.001737, psnr : 32.6650, time : 1.9093
epoch : 44, iter : 11175, test mse : 0.001596, test_psnr : 29.4158
Save ckpt file ../ckpt_file/sr_50.10_res.ckpt
step : 11200, epoch : 44, mse : 0.001700, psnr : 32.7801, time : 2.0595
step : 11300, epoch : 44, mse : 0.001705, psnr : 32.6037, time : 1.9090
step : 11400, epoch : 44, mse : 0.001744, psnr : 32.6050, time : 1.9094
epoch : 45, iter : 11429, test mse : 0.001588, test_psnr : 29.4365
step : 11500, epoch : 45, mse : 0.001707, psnr : 32.7288, time : 2.0314
step : 11600, epoch : 45, mse : 0.001738, psnr : 32.6765, time : 1.9091
epoch : 46, iter : 11683, test mse : 0.001600, test_psnr : 29.3679
step : 11700, epoch : 46, mse : 0.001740, psnr : 32.5072, time : 2.0308
step : 11800, epoch : 46, mse : 0.001710, psnr : 32.6971, time : 1.9095
step : 11900, epoch : 46, mse : 0.001748, psnr : 32.6074, time : 1.9093
epoch : 47, iter : 11937, test mse : 0.001592, test_psnr : 29.4174
step : 12000, epoch : 47, mse : 0.001739, psnr : 32.7038, time : 2.0305
step : 12100, epoch : 47, mse : 0.001743, psnr : 32.5230, time : 1.9093
epoch : 48, iter : 12191, test mse : 0.001592, test_psnr : 29.3961
Save ckpt file ../ckpt_file/sr_50.10_res.ckpt
step : 12200, epoch : 48, mse : 0.001721, psnr : 32.6004, time : 2.0598
step : 12300, epoch : 48, mse : 0.001727, psnr : 32.6498, time : 1.9091
step : 12400, epoch : 48, mse : 0.001736, psnr : 32.5842, time : 1.9092
epoch : 49, iter : 12445, test mse : 0.001589, test_psnr : 29.4185
step : 12500, epoch : 49, mse : 0.001693, psnr : 32.6650, time : 2.0308
step : 12600, epoch : 49, mse : 0.001712, psnr : 32.6759, time : 1.9096
epoch : 50, iter : 12699, test mse : 0.001589, test_psnr : 29.4173
step : 12700, epoch : 50, mse : 0.001788, psnr : 32.5733, time : 2.0302
step : 12800, epoch : 50, mse : 0.001753, psnr : 32.5414, time : 1.9089
step : 12900, epoch : 50, mse : 0.001739, psnr : 32.6203, time : 1.9091
epoch : 51, iter : 12953, test mse : 0.001599, test_psnr : 29.3622
step : 13000, epoch : 51, mse : 0.001705, psnr : 32.6912, time : 2.0312
step : 13100, epoch : 51, mse : 0.001706, psnr : 32.6434, time : 1.9092
step : 13200, epoch : 51, mse : 0.001749, psnr : 32.6285, time : 1.9093
epoch : 52, iter : 13207, test mse : 0.001593, test_psnr : 29.3978
Save ckpt file ../ckpt_file/sr_50.10_res.ckpt
step : 13300, epoch : 52, mse : 0.001761, psnr : 32.6346, time : 2.0593
step : 13400, epoch : 52, mse : 0.001731, psnr : 32.5709, time : 1.9092
epoch : 53, iter : 13461, test mse : 0.001603, test_psnr : 29.3727
step : 13500, epoch : 53, mse : 0.001701, psnr : 32.6357, time : 2.0307
step : 13600, epoch : 53, mse : 0.001783, psnr : 32.4672, time : 1.9095
step : 13700, epoch : 53, mse : 0.001705, psnr : 32.7032, time : 1.9092
epoch : 54, iter : 13715, test mse : 0.001597, test_psnr : 29.4005
step : 13800, epoch : 54, mse : 0.001733, psnr : 32.5779, time : 2.0302
step : 13900, epoch : 54, mse : 0.001717, psnr : 32.6679, time : 1.9091
epoch : 55, iter : 13969, test mse : 0.001614, test_psnr : 29.3249
step : 14000, epoch : 55, mse : 0.001785, psnr : 32.4748, time : 2.0307
step : 14100, epoch : 55, mse : 0.001719, psnr : 32.5443, time : 1.9093
step : 14200, epoch : 55, mse : 0.001720, psnr : 32.7240, time : 1.9090
epoch : 56, iter : 14223, test mse : 0.001598, test_psnr : 29.3798
Save ckpt file ../ckpt_file/sr_50.10_res.ckpt
step : 14300, epoch : 56, mse : 0.001785, psnr : 32.5742, time : 2.0593
step : 14400, epoch : 56, mse : 0.001748, psnr : 32.6320, time : 1.9088
epoch : 57, iter : 14477, test mse : 0.001599, test_psnr : 29.3871
step : 14500, epoch : 57, mse : 0.001697, psnr : 32.5865, time : 2.0305
step : 14600, epoch : 57, mse : 0.001739, psnr : 32.5941, time : 1.9091
step : 14700, epoch : 57, mse : 0.001746, psnr : 32.6048, time : 1.9093
epoch : 58, iter : 14731, test mse : 0.001597, test_psnr : 29.3897
step : 14800, epoch : 58, mse : 0.001789, psnr : 32.4926, time : 2.0306
step : 14900, epoch : 58, mse : 0.001733, psnr : 32.5734, time : 1.9088
epoch : 59, iter : 14985, test mse : 0.001598, test_psnr : 29.3835
step : 15000, epoch : 59, mse : 0.001714, psnr : 32.6422, time : 2.0311
step : 15100, epoch : 59, mse : 0.001742, psnr : 32.5336, time : 1.9092
step : 15200, epoch : 59, mse : 0.001748, psnr : 32.6428, time : 1.9088
epoch : 60, iter : 15239, test mse : 0.001602, test_psnr : 29.3574
Save ckpt file ../ckpt_file/sr_50.10_res.ckpt
step : 15300, epoch : 60, mse : 0.001756, psnr : 32.5795, time : 2.0592
step : 15400, epoch : 60, mse : 0.001742, psnr : 32.5374, time : 1.9090
epoch : 61, iter : 15493, test mse : 0.001599, test_psnr : 29.3884
step : 15500, epoch : 61, mse : 0.001740, psnr : 32.5453, time : 2.0296
step : 15600, epoch : 61, mse : 0.001763, psnr : 32.5071, time : 1.9092
step : 15700, epoch : 61, mse : 0.001757, psnr : 32.5889, time : 1.9091
epoch : 62, iter : 15747, test mse : 0.001611, test_psnr : 29.3494
step : 15800, epoch : 62, mse : 0.001712, psnr : 32.6214, time : 2.0302
step : 15900, epoch : 62, mse : 0.001756, psnr : 32.5430, time : 1.9091
step : 16000, epoch : 62, mse : 0.001747, psnr : 32.5688, time : 1.9086
epoch : 63, iter : 16001, test mse : 0.001602, test_psnr : 29.3713
step : 16100, epoch : 63, mse : 0.001746, psnr : 32.3658, time : 2.0304
step : 16200, epoch : 63, mse : 0.001772, psnr : 32.6831, time : 1.9089
epoch : 64, iter : 16255, test mse : 0.001635, test_psnr : 29.2273
Save ckpt file ../ckpt_file/sr_50.10_res.ckpt
step : 16300, epoch : 64, mse : 0.001719, psnr : 32.6556, time : 2.0662
step : 16400, epoch : 64, mse : 0.001738, psnr : 32.6075, time : 1.9091
step : 16500, epoch : 64, mse : 0.001773, psnr : 32.4690, time : 1.9090
epoch : 65, iter : 16509, test mse : 0.001615, test_psnr : 29.3191
step : 16600, epoch : 65, mse : 0.001760, psnr : 32.5221, time : 2.0305
step : 16700, epoch : 65, mse : 0.001780, psnr : 32.5280, time : 1.9086
epoch : 66, iter : 16763, test mse : 0.001624, test_psnr : 29.2784
step : 16800, epoch : 66, mse : 0.001705, psnr : 32.6123, time : 2.0304
step : 16900, epoch : 66, mse : 0.001778, psnr : 32.5281, time : 1.9091
step : 17000, epoch : 66, mse : 0.001756, psnr : 32.4768, time : 1.9095
epoch : 67, iter : 17017, test mse : 0.001619, test_psnr : 29.3080
step : 17100, epoch : 67, mse : 0.001726, psnr : 32.6344, time : 2.0310
step : 17200, epoch : 67, mse : 0.001825, psnr : 32.3822, time : 1.9089
epoch : 68, iter : 17271, test mse : 0.001620, test_psnr : 29.2828
Save ckpt file ../ckpt_file/sr_50.10_res.ckpt
step : 17300, epoch : 68, mse : 0.001729, psnr : 32.5902, time : 2.0596
step : 17400, epoch : 68, mse : 0.001770, psnr : 32.5659, time : 1.9094
step : 17500, epoch : 68, mse : 0.001746, psnr : 32.5580, time : 1.9093
epoch : 69, iter : 17525, test mse : 0.001613, test_psnr : 29.3314
step : 17600, epoch : 69, mse : 0.001800, psnr : 32.3342, time : 2.0307
step : 17700, epoch : 69, mse : 0.001688, psnr : 32.7004, time : 1.9094
epoch : 70, iter : 17779, test mse : 0.001640, test_psnr : 29.2273
step : 17800, epoch : 70, mse : 0.001757, psnr : 32.5186, time : 2.0305
step : 17900, epoch : 70, mse : 0.001787, psnr : 32.4640, time : 1.9092
step : 18000, epoch : 70, mse : 0.001743, psnr : 32.6396, time : 1.9095
epoch : 71, iter : 18033, test mse : 0.001619, test_psnr : 29.3110
step : 18100, epoch : 71, mse : 0.001746, psnr : 32.5349, time : 2.0310
step : 18200, epoch : 71, mse : 0.001779, psnr : 32.4362, time : 1.9095
epoch : 72, iter : 18287, test mse : 0.001627, test_psnr : 29.2675
Save ckpt file ../ckpt_file/sr_50.10_res.ckpt
step : 18300, epoch : 72, mse : 0.001787, psnr : 32.5333, time : 2.0594
step : 18400, epoch : 72, mse : 0.001759, psnr : 32.5692, time : 1.9094
step : 18500, epoch : 72, mse : 0.001784, psnr : 32.4190, time : 1.9086
epoch : 73, iter : 18541, test mse : 0.001618, test_psnr : 29.3165
step : 18600, epoch : 73, mse : 0.001772, psnr : 32.4077, time : 2.0302
step : 18700, epoch : 73, mse : 0.001735, psnr : 32.6213, time : 1.9088
epoch : 74, iter : 18795, test mse : 0.001624, test_psnr : 29.2916
step : 18800, epoch : 74, mse : 0.001796, psnr : 32.4354, time : 2.0302
step : 18900, epoch : 74, mse : 0.001773, psnr : 32.5105, time : 1.9088
step : 19000, epoch : 74, mse : 0.001753, psnr : 32.5768, time : 1.9092
epoch : 75, iter : 19049, test mse : 0.001637, test_psnr : 29.2389
step : 19100, epoch : 75, mse : 0.001759, psnr : 32.5342, time : 2.0307
step : 19200, epoch : 75, mse : 0.001786, psnr : 32.4429, time : 1.9095
step : 19300, epoch : 75, mse : 0.001777, psnr : 32.4496, time : 1.9088
epoch : 76, iter : 19303, test mse : 0.001622, test_psnr : 29.2979
Save ckpt file ../ckpt_file/sr_50.10_res.ckpt
step : 19400, epoch : 76, mse : 0.001808, psnr : 32.4551, time : 2.0594
step : 19500, epoch : 76, mse : 0.001714, psnr : 32.6031, time : 1.9089
epoch : 77, iter : 19557, test mse : 0.001635, test_psnr : 29.2569
step : 19600, epoch : 77, mse : 0.001800, psnr : 32.4585, time : 2.0304
step : 19700, epoch : 77, mse : 0.001814, psnr : 32.3951, time : 1.9092
step : 19800, epoch : 77, mse : 0.001731, psnr : 32.5303, time : 1.9094
epoch : 78, iter : 19811, test mse : 0.001632, test_psnr : 29.2484
step : 19900, epoch : 78, mse : 0.001775, psnr : 32.4684, time : 2.0304
step : 20000, epoch : 78, mse : 0.001795, psnr : 32.4026, time : 1.9089
########## ITER2 start ########## 
epoch : 79, iter : 20065, test mse : 0.001622, test_psnr : 29.2938
step : 20100, epoch : 79, mse : 0.001740, psnr : 32.7175, time : 2.1318
step : 20200, epoch : 79, mse : 0.001769, psnr : 32.5077, time : 1.9127
step : 20300, epoch : 79, mse : 0.001778, psnr : 32.4822, time : 1.9124
epoch : 80, iter : 20319, test mse : 0.001620, test_psnr : 29.3031
Save ckpt file ../ckpt_file/sr_50.10_res.ckpt
step : 20400, epoch : 80, mse : 0.001808, psnr : 32.5606, time : 2.0820
step : 20500, epoch : 80, mse : 0.001750, psnr : 32.4403, time : 1.9121
epoch : 81, iter : 20573, test mse : 0.001623, test_psnr : 29.2905
step : 20600, epoch : 81, mse : 0.001754, psnr : 32.4929, time : 2.0336
step : 20700, epoch : 81, mse : 0.001754, psnr : 32.6790, time : 1.9121
step : 20800, epoch : 81, mse : 0.001796, psnr : 32.3216, time : 1.9120
epoch : 82, iter : 20827, test mse : 0.001622, test_psnr : 29.2923
step : 20900, epoch : 82, mse : 0.001764, psnr : 32.5580, time : 2.0333
step : 21000, epoch : 82, mse : 0.001791, psnr : 32.5292, time : 1.9123
epoch : 83, iter : 21081, test mse : 0.001621, test_psnr : 29.3004
step : 21100, epoch : 83, mse : 0.001735, psnr : 32.4814, time : 2.0340
step : 21200, epoch : 83, mse : 0.001785, psnr : 32.4423, time : 1.9122
step : 21300, epoch : 83, mse : 0.001778, psnr : 32.5227, time : 1.9121
epoch : 84, iter : 21335, test mse : 0.001622, test_psnr : 29.2886
Save ckpt file ../ckpt_file/sr_50.10_res.ckpt
step : 21400, epoch : 84, mse : 0.001770, psnr : 32.5724, time : 2.0780
step : 21500, epoch : 84, mse : 0.001698, psnr : 32.6123, time : 1.9124
epoch : 85, iter : 21589, test mse : 0.001619, test_psnr : 29.3060
step : 21600, epoch : 85, mse : 0.001795, psnr : 32.4513, time : 2.0338
step : 21700, epoch : 85, mse : 0.001810, psnr : 32.5308, time : 1.9124
step : 21800, epoch : 85, mse : 0.001742, psnr : 32.5378, time : 1.9118
epoch : 86, iter : 21843, test mse : 0.001622, test_psnr : 29.2936
step : 21900, epoch : 86, mse : 0.001762, psnr : 32.5149, time : 2.0339
step : 22000, epoch : 86, mse : 0.001733, psnr : 32.6176, time : 1.9123
epoch : 87, iter : 22097, test mse : 0.001622, test_psnr : 29.2948
step : 22100, epoch : 87, mse : 0.001813, psnr : 32.3698, time : 2.0339
step : 22200, epoch : 87, mse : 0.001790, psnr : 32.4360, time : 1.9120
step : 22300, epoch : 87, mse : 0.001736, psnr : 32.4933, time : 1.9123
epoch : 88, iter : 22351, test mse : 0.001621, test_psnr : 29.2943
Save ckpt file ../ckpt_file/sr_50.10_res.ckpt
step : 22400, epoch : 88, mse : 0.001788, psnr : 32.5817, time : 2.0823
step : 22500, epoch : 88, mse : 0.001749, psnr : 32.5188, time : 1.9124
step : 22600, epoch : 88, mse : 0.001773, psnr : 32.5156, time : 1.9124
epoch : 89, iter : 22605, test mse : 0.001624, test_psnr : 29.2862
step : 22700, epoch : 89, mse : 0.001781, psnr : 32.5773, time : 2.0338
step : 22800, epoch : 89, mse : 0.001779, psnr : 32.3886, time : 1.9122
epoch : 90, iter : 22859, test mse : 0.001619, test_psnr : 29.3046
step : 22900, epoch : 90, mse : 0.001751, psnr : 32.5982, time : 2.0341
step : 23000, epoch : 90, mse : 0.001751, psnr : 32.5378, time : 1.9125
step : 23100, epoch : 90, mse : 0.001791, psnr : 32.4527, time : 1.9128
epoch : 91, iter : 23113, test mse : 0.001621, test_psnr : 29.2973
step : 23200, epoch : 91, mse : 0.001810, psnr : 32.4514, time : 2.0339
step : 23300, epoch : 91, mse : 0.001757, psnr : 32.5680, time : 1.9126
epoch : 92, iter : 23367, test mse : 0.001622, test_psnr : 29.2960
Save ckpt file ../ckpt_file/sr_50.10_res.ckpt
step : 23400, epoch : 92, mse : 0.001718, psnr : 32.6101, time : 2.0792
step : 23500, epoch : 92, mse : 0.001750, psnr : 32.5154, time : 1.9125
step : 23600, epoch : 92, mse : 0.001831, psnr : 32.3474, time : 1.9121
epoch : 93, iter : 23621, test mse : 0.001624, test_psnr : 29.2908
step : 23700, epoch : 93, mse : 0.001758, psnr : 32.4671, time : 2.0336
step : 23800, epoch : 93, mse : 0.001812, psnr : 32.4435, time : 1.9118
epoch : 94, iter : 23875, test mse : 0.001622, test_psnr : 29.2959
step : 23900, epoch : 94, mse : 0.001731, psnr : 32.6213, time : 2.0343
step : 24000, epoch : 94, mse : 0.001781, psnr : 32.4831, time : 1.9126
step : 24100, epoch : 94, mse : 0.001750, psnr : 32.6027, time : 1.9123
epoch : 95, iter : 24129, test mse : 0.001622, test_psnr : 29.2923
step : 24200, epoch : 95, mse : 0.001796, psnr : 32.4835, time : 2.0344
step : 24300, epoch : 95, mse : 0.001771, psnr : 32.4698, time : 1.9124
epoch : 96, iter : 24383, test mse : 0.001626, test_psnr : 29.2773
Save ckpt file ../ckpt_file/sr_50.10_res.ckpt
step : 24400, epoch : 96, mse : 0.001738, psnr : 32.5285, time : 2.0830
step : 24500, epoch : 96, mse : 0.001758, psnr : 32.6132, time : 1.9122
step : 24600, epoch : 96, mse : 0.001770, psnr : 32.4600, time : 1.9120
epoch : 97, iter : 24637, test mse : 0.001625, test_psnr : 29.2818
step : 24700, epoch : 97, mse : 0.001786, psnr : 32.4399, time : 2.0342
step : 24800, epoch : 97, mse : 0.001801, psnr : 32.4854, time : 1.9122
epoch : 98, iter : 24891, test mse : 0.001626, test_psnr : 29.2750
step : 24900, epoch : 98, mse : 0.001753, psnr : 32.5856, time : 2.0335
step : 25000, epoch : 98, mse : 0.001772, psnr : 32.5009, time : 1.9119
########## ITER3 start ########## 
step : 25100, epoch : 98, mse : 0.001746, psnr : 32.5423, time : 2.0274
epoch : 99, iter : 25145, test mse : 0.001623, test_psnr : 29.2902
step : 25200, epoch : 99, mse : 0.001742, psnr : 32.4573, time : 2.0347
step : 25300, epoch : 99, mse : 0.001764, psnr : 32.6056, time : 1.9129
epoch : 100, iter : 25399, test mse : 0.001624, test_psnr : 29.2857
Save ckpt file ../ckpt_file/sr_50.10_res.ckpt
step : 25400, epoch : 100, mse : 0.001816, psnr : 32.4656, time : 2.1063
step : 25500, epoch : 100, mse : 0.001769, psnr : 32.5493, time : 1.9130
step : 25600, epoch : 100, mse : 0.001731, psnr : 32.5219, time : 1.9131
epoch : 101, iter : 25653, test mse : 0.001622, test_psnr : 29.2919
step : 25700, epoch : 101, mse : 0.001809, psnr : 32.4525, time : 2.0346
step : 25800, epoch : 101, mse : 0.001768, psnr : 32.5616, time : 1.9134
step : 25900, epoch : 101, mse : 0.001784, psnr : 32.4296, time : 1.9129
epoch : 102, iter : 25907, test mse : 0.001623, test_psnr : 29.2887
step : 26000, epoch : 102, mse : 0.001769, psnr : 32.5357, time : 2.0345
step : 26100, epoch : 102, mse : 0.001778, psnr : 32.4646, time : 1.9134
epoch : 103, iter : 26161, test mse : 0.001623, test_psnr : 29.2873
step : 26200, epoch : 103, mse : 0.001747, psnr : 32.6082, time : 2.0346
step : 26300, epoch : 103, mse : 0.001780, psnr : 32.4929, time : 1.9135
step : 26400, epoch : 103, mse : 0.001773, psnr : 32.4564, time : 1.9136
epoch : 104, iter : 26415, test mse : 0.001623, test_psnr : 29.2872
Save ckpt file ../ckpt_file/sr_50.10_res.ckpt
step : 26500, epoch : 104, mse : 0.001781, psnr : 32.5543, time : 2.1008
step : 26600, epoch : 104, mse : 0.001760, psnr : 32.6293, time : 1.9133
epoch : 105, iter : 26669, test mse : 0.001622, test_psnr : 29.2913
step : 26700, epoch : 105, mse : 0.001747, psnr : 32.3427, time : 2.0352
step : 26800, epoch : 105, mse : 0.001796, psnr : 32.4668, time : 1.9136
step : 26900, epoch : 105, mse : 0.001745, psnr : 32.6008, time : 1.9138
epoch : 106, iter : 26923, test mse : 0.001622, test_psnr : 29.2909
step : 27000, epoch : 106, mse : 0.001782, psnr : 32.4232, time : 2.0351
step : 27100, epoch : 106, mse : 0.001763, psnr : 32.5789, time : 1.9128
epoch : 107, iter : 27177, test mse : 0.001621, test_psnr : 29.2942
step : 27200, epoch : 107, mse : 0.001772, psnr : 32.5588, time : 2.0344
step : 27300, epoch : 107, mse : 0.001782, psnr : 32.4572, time : 1.9132
step : 27400, epoch : 107, mse : 0.001731, psnr : 32.5971, time : 1.9130
epoch : 108, iter : 27431, test mse : 0.001627, test_psnr : 29.2750
Save ckpt file ../ckpt_file/sr_50.10_res.ckpt
step : 27500, epoch : 108, mse : 0.001787, psnr : 32.4484, time : 2.1001
step : 27600, epoch : 108, mse : 0.001765, psnr : 32.4403, time : 1.9130
epoch : 109, iter : 27685, test mse : 0.001622, test_psnr : 29.2894
step : 27700, epoch : 109, mse : 0.001786, psnr : 32.6153, time : 2.0343
step : 27800, epoch : 109, mse : 0.001787, psnr : 32.4900, time : 1.9129
step : 27900, epoch : 109, mse : 0.001752, psnr : 32.3715, time : 1.9138
epoch : 110, iter : 27939, test mse : 0.001623, test_psnr : 29.2903
step : 28000, epoch : 110, mse : 0.001789, psnr : 32.5866, time : 2.0496
step : 28100, epoch : 110, mse : 0.001754, psnr : 32.4605, time : 1.9217
epoch : 111, iter : 28193, test mse : 0.001624, test_psnr : 29.2860
step : 28200, epoch : 111, mse : 0.001785, psnr : 32.5359, time : 2.0324
step : 28300, epoch : 111, mse : 0.001770, psnr : 32.5662, time : 1.9094
step : 28400, epoch : 111, mse : 0.001733, psnr : 32.6518, time : 1.9186
epoch : 112, iter : 28447, test mse : 0.001623, test_psnr : 29.2892
Save ckpt file ../ckpt_file/sr_50.10_res.ckpt
step : 28500, epoch : 112, mse : 0.001801, psnr : 32.3614, time : 2.0952
step : 28600, epoch : 112, mse : 0.001791, psnr : 32.3984, time : 1.9120
step : 28700, epoch : 112, mse : 0.001734, psnr : 32.6566, time : 1.9115
epoch : 113, iter : 28701, test mse : 0.001623, test_psnr : 29.2902
step : 28800, epoch : 113, mse : 0.001764, psnr : 32.5365, time : 2.0331
step : 28900, epoch : 113, mse : 0.001792, psnr : 32.4177, time : 1.9116
epoch : 114, iter : 28955, test mse : 0.001621, test_psnr : 29.2931
step : 29000, epoch : 114, mse : 0.001728, psnr : 32.6998, time : 2.0327
step : 29100, epoch : 114, mse : 0.001769, psnr : 32.4620, time : 1.9113
step : 29200, epoch : 114, mse : 0.001803, psnr : 32.4479, time : 1.9116
epoch : 115, iter : 29209, test mse : 0.001623, test_psnr : 29.2879
step : 29300, epoch : 115, mse : 0.001754, psnr : 32.5333, time : 2.0327
step : 29400, epoch : 115, mse : 0.001755, psnr : 32.5841, time : 1.9115
epoch : 116, iter : 29463, test mse : 0.001622, test_psnr : 29.2920
Save ckpt file ../ckpt_file/sr_50.10_res.ckpt
step : 29500, epoch : 116, mse : 0.001770, psnr : 32.5347, time : 2.0999
step : 29600, epoch : 116, mse : 0.001795, psnr : 32.4245, time : 1.9123
step : 29700, epoch : 116, mse : 0.001792, psnr : 32.4889, time : 1.9126
epoch : 117, iter : 29717, test mse : 0.001622, test_psnr : 29.2908
step : 29800, epoch : 117, mse : 0.001776, psnr : 32.4383, time : 2.0341
step : 29900, epoch : 117, mse : 0.001758, psnr : 32.5323, time : 1.9127
epoch : 118, iter : 29971, test mse : 0.001624, test_psnr : 29.2864
step : 30000, epoch : 118, mse : 0.001765, psnr : 32.5544, time : 2.0345
Save ckpt file ../ckpt_file/sr_50.10_res.ckpt
Finish training!!
STAGE : Training Loop Finish!
